2025-11-27 19:35:15.365 +01:00 [INF] [] myIoTGrid Hub API wurde erfolgreich gestartet
2025-11-27 19:35:15.384 +01:00 [INF] [myIoTGrid.Hub.Infrastructure.Mqtt.MqttClientService] MQTT Client Service wird gestartet...
2025-11-27 19:35:15.395 +01:00 [INF] [myIoTGrid.Hub.Interface.BackgroundServices.SeedDataHostedService] SeedDataHostedService starting...
2025-11-27 19:35:15.408 +01:00 [INF] [myIoTGrid.Hub.Infrastructure.Mqtt.MqttClientService] Verbinde zu MQTT Broker localhost:1883...
2025-11-27 19:35:15.595 +01:00 [WRN] [myIoTGrid.Hub.Infrastructure.Mqtt.MqttClientService] MQTT-Verbindung fehlgeschlagen (Versuch 1/10). Nächster Versuch in 5s...
MQTTnet.Exceptions.MqttCommunicationException: Error while connecting host 'Unspecified/localhost:1883'.
 ---> System.Net.Sockets.SocketException (61): Connection refused
   at System.Net.Sockets.Socket.AwaitableSocketAsyncEventArgs.ThrowException(SocketError error, CancellationToken cancellationToken)
   at System.Net.Sockets.Socket.AwaitableSocketAsyncEventArgs.System.Threading.Tasks.Sources.IValueTaskSource.GetResult(Int16 token)
   at MQTTnet.Implementations.CrossPlatformSocket.ConnectAsync(EndPoint endPoint, CancellationToken cancellationToken)
   --- End of inner exception stack trace ---
   at MQTTnet.Implementations.CrossPlatformSocket.ConnectAsync(EndPoint endPoint, CancellationToken cancellationToken)
   at MQTTnet.Implementations.MqttTcpChannel.ConnectAsync(CancellationToken cancellationToken)
   at MQTTnet.Adapter.MqttChannelAdapter.<>c__DisplayClass30_0.<<ConnectAsync>b__1>d.MoveNext()
--- End of stack trace from previous location ---
   at MQTTnet.Adapter.MqttChannelAdapter.ConnectAsync(CancellationToken cancellationToken)
   at MQTTnet.Client.MqttClient.ConnectInternal(IMqttChannelAdapter channelAdapter, CancellationToken cancellationToken)
   at MQTTnet.Client.MqttClient.ConnectAsync(MqttClientOptions options, CancellationToken cancellationToken)
   at MQTTnet.Client.MqttClient.ConnectAsync(MqttClientOptions options, CancellationToken cancellationToken)
   at myIoTGrid.Hub.Infrastructure.Mqtt.MqttClientService.ConnectWithRetryAsync(MqttClientOptions options, CancellationToken ct) in /Users/frankbersch/RiderProjects/myIoTGrid/myIoTGrid.Hub/myIoTGrid.Hub.Backend/src/myIoTGrid.Hub.Infrastructure/Mqtt/MqttClientService.cs:line 108
2025-11-27 19:35:15.596 +01:00 [WRN] [myIoTGrid.Hub.Infrastructure.Mqtt.MqttClientService] MQTT-Verbindung unterbrochen
MQTTnet.Exceptions.MqttCommunicationException: Error while connecting host 'Unspecified/localhost:1883'.
 ---> System.Net.Sockets.SocketException (61): Connection refused
   at System.Net.Sockets.Socket.AwaitableSocketAsyncEventArgs.ThrowException(SocketError error, CancellationToken cancellationToken)
   at System.Net.Sockets.Socket.AwaitableSocketAsyncEventArgs.System.Threading.Tasks.Sources.IValueTaskSource.GetResult(Int16 token)
   at MQTTnet.Implementations.CrossPlatformSocket.ConnectAsync(EndPoint endPoint, CancellationToken cancellationToken)
   --- End of inner exception stack trace ---
   at MQTTnet.Implementations.CrossPlatformSocket.ConnectAsync(EndPoint endPoint, CancellationToken cancellationToken)
   at MQTTnet.Implementations.MqttTcpChannel.ConnectAsync(CancellationToken cancellationToken)
   at MQTTnet.Adapter.MqttChannelAdapter.<>c__DisplayClass30_0.<<ConnectAsync>b__1>d.MoveNext()
--- End of stack trace from previous location ---
   at MQTTnet.Adapter.MqttChannelAdapter.ConnectAsync(CancellationToken cancellationToken)
   at MQTTnet.Client.MqttClient.ConnectInternal(IMqttChannelAdapter channelAdapter, CancellationToken cancellationToken)
   at MQTTnet.Client.MqttClient.ConnectAsync(MqttClientOptions options, CancellationToken cancellationToken)
   at MQTTnet.Client.MqttClient.ConnectAsync(MqttClientOptions options, CancellationToken cancellationToken)
   at myIoTGrid.Hub.Infrastructure.Mqtt.MqttClientService.ConnectWithRetryAsync(MqttClientOptions options, CancellationToken ct) in /Users/frankbersch/RiderProjects/myIoTGrid/myIoTGrid.Hub/myIoTGrid.Hub.Backend/src/myIoTGrid.Hub.Infrastructure/Mqtt/MqttClientService.cs:line 108
2025-11-27 19:35:15.610 +01:00 [INF] [myIoTGrid.Hub.Infrastructure.Mqtt.MqttClientService] Reconnecting in 5s...
2025-11-27 19:35:15.618 +01:00 [INF] [myIoTGrid.Hub.Service.Services.SeedDataService] Starting seed data process...
2025-11-27 19:35:15.954 +01:00 [WRN] [Microsoft.EntityFrameworkCore.Model.Validation] The property 'Sensor.SensorTypes' is a collection or enumeration type with a value converter but with no value comparer. Set a value comparer to ensure the collection/enumeration elements are compared correctly.
2025-11-27 19:35:15.969 +01:00 [WRN] [Microsoft.EntityFrameworkCore.Model.Validation] The entity type 'Location' is an optional dependent using table sharing without any required non shared column that could be used to identify whether the entity exists. If all nullable properties contain a 'null' value in database then an object instance won't be created in the query. Add a required property to create instances with 'null' values for other properties or mark the incoming navigation as required to always create an instance.
2025-11-27 19:35:16.203 +01:00 [INF] [myIoTGrid.Hub.Service.Services.SeedDataService] Default tenant ensured
2025-11-27 19:35:16.211 +01:00 [INF] [myIoTGrid.Hub.Service.Services.SeedDataService] Default sensor types seeded
2025-11-27 19:35:16.299 +01:00 [INF] [myIoTGrid.Hub.Service.Services.AlertTypeService] 1 Default-AlertTypes erstellt
2025-11-27 19:35:16.299 +01:00 [INF] [myIoTGrid.Hub.Service.Services.SeedDataService] Default alert types seeded
2025-11-27 19:35:16.299 +01:00 [INF] [myIoTGrid.Hub.Service.Services.SeedDataService] Seed data process completed
2025-11-27 19:35:16.299 +01:00 [INF] [myIoTGrid.Hub.Interface.BackgroundServices.SeedDataHostedService] SeedDataHostedService completed successfully
2025-11-27 19:35:16.327 +01:00 [INF] [myIoTGrid.Hub.Interface.BackgroundServices.SensorMonitorService] SensorMonitorService started. Check interval: 60s, Offline timeout: 5min
2025-11-27 19:35:16.327 +01:00 [INF] [myIoTGrid.Hub.Interface.BackgroundServices.DataRetentionService] DataRetentionService started. Interval: 24h, Retention: 30 days
2025-11-27 19:35:16.327 +01:00 [INF] [myIoTGrid.Hub.Interface.BackgroundServices.HubMonitorService] HubMonitorService started. Check interval: 60s, Offline timeout: 5min
2025-11-27 19:35:16.328 +01:00 [INF] [myIoTGrid.Hub.Interface.BackgroundServices.MatterBridgeService] Matter Bridge integration is disabled
2025-11-27 19:35:16.407 +01:00 [WRN] [myIoTGrid.Hub.Interface.BackgroundServices.HubMonitorService] Hub detected as offline: test-hub-01 (Test Hub), LastSeen: "2025-11-27T16:29:00.5992410"
2025-11-27 19:35:16.430 +01:00 [WRN] [myIoTGrid.Hub.Interface.BackgroundServices.SensorMonitorService] Sensor detected as offline: sensor-wohnzimmer-01 (Wohnzimmer Sensor), LastSeen: "2025-11-27T16:29:00.6083310"
2025-11-27 19:35:16.433 +01:00 [WRN] [myIoTGrid.Hub.Service.Services.HubService] Hub offline: test-hub-01 (Test Hub)
2025-11-27 19:35:16.435 +01:00 [WRN] [myIoTGrid.Hub.Service.Services.SensorService] Sensor offline: sensor-wohnzimmer-01 (Wohnzimmer Sensor)
2025-11-27 19:35:16.447 +01:00 [INF] [myIoTGrid.Hub.Interface.Services.SignalRNotificationService] SignalR HubStatusChanged gesendet: test-hub-01 - Online: false (Tenant: "00000000-0000-0000-0000-000000000001")
2025-11-27 19:35:16.483 +01:00 [INF] [myIoTGrid.Hub.Service.Services.AlertService] Alert created: hub_offline - "Critical" - Hub 'Test Hub' (test-hub-01) is offline. Last seen: 2025-11-27 16:29:00Z (Source: "Local")
2025-11-27 19:35:16.485 +01:00 [INF] [myIoTGrid.Hub.Interface.Services.SignalRNotificationService] SignalR AlertReceived gesendet: hub_offline - "Critical" (Tenant: "00000000-0000-0000-0000-000000000001")
2025-11-27 19:35:16.489 +01:00 [INF] [myIoTGrid.Hub.Interface.BackgroundServices.HubMonitorService] Hub monitoring cycle completed. Offline: 1, Back online: 0
2025-11-27 19:35:16.612 +01:00 [INF] [myIoTGrid.Hub.Service.Services.AlertService] Alert created: sensor_offline - "Warning" - Sensor 'Wohnzimmer Sensor' (sensor-wohnzimmer-01) is offline. Last seen: 2025-11-27 16:29:00Z (Source: "Local")
2025-11-27 19:35:16.612 +01:00 [INF] [myIoTGrid.Hub.Interface.Services.SignalRNotificationService] SignalR AlertReceived gesendet: sensor_offline - "Warning" (Tenant: "00000000-0000-0000-0000-000000000001")
2025-11-27 19:35:16.617 +01:00 [INF] [myIoTGrid.Hub.Interface.BackgroundServices.SensorMonitorService] Sensor monitoring cycle completed. Offline: 1, Back online: 0
2025-11-27 19:35:20.610 +01:00 [INF] [myIoTGrid.Hub.Infrastructure.Mqtt.MqttClientService] Verbinde zu MQTT Broker localhost:1883...
2025-11-27 19:35:20.610 +01:00 [INF] [myIoTGrid.Hub.Infrastructure.Mqtt.MqttClientService] Verbinde zu MQTT Broker localhost:1883...
2025-11-27 19:35:20.621 +01:00 [WRN] [myIoTGrid.Hub.Infrastructure.Mqtt.MqttClientService] MQTT-Verbindung fehlgeschlagen (Versuch 2/10). Nächster Versuch in 5s...
System.InvalidOperationException: Not allowed to connect while connect/disconnect is pending.
   at MQTTnet.Client.MqttClient.ConnectAsync(MqttClientOptions options, CancellationToken cancellationToken)
   at myIoTGrid.Hub.Infrastructure.Mqtt.MqttClientService.ConnectWithRetryAsync(MqttClientOptions options, CancellationToken ct) in /Users/frankbersch/RiderProjects/myIoTGrid/myIoTGrid.Hub/myIoTGrid.Hub.Backend/src/myIoTGrid.Hub.Infrastructure/Mqtt/MqttClientService.cs:line 108
2025-11-27 19:35:20.627 +01:00 [WRN] [myIoTGrid.Hub.Infrastructure.Mqtt.MqttClientService] MQTT-Verbindung unterbrochen
MQTTnet.Exceptions.MqttCommunicationException: Error while connecting host 'Unspecified/localhost:1883'.
 ---> System.Net.Sockets.SocketException (61): Connection refused
   at System.Net.Sockets.Socket.AwaitableSocketAsyncEventArgs.ThrowException(SocketError error, CancellationToken cancellationToken)
   at System.Net.Sockets.Socket.AwaitableSocketAsyncEventArgs.System.Threading.Tasks.Sources.IValueTaskSource.GetResult(Int16 token)
   at MQTTnet.Implementations.CrossPlatformSocket.ConnectAsync(EndPoint endPoint, CancellationToken cancellationToken)
   --- End of inner exception stack trace ---
   at MQTTnet.Implementations.CrossPlatformSocket.ConnectAsync(EndPoint endPoint, CancellationToken cancellationToken)
   at MQTTnet.Implementations.MqttTcpChannel.ConnectAsync(CancellationToken cancellationToken)
   at MQTTnet.Adapter.MqttChannelAdapter.<>c__DisplayClass30_0.<<ConnectAsync>b__1>d.MoveNext()
--- End of stack trace from previous location ---
   at MQTTnet.Adapter.MqttChannelAdapter.ConnectAsync(CancellationToken cancellationToken)
   at MQTTnet.Client.MqttClient.ConnectInternal(IMqttChannelAdapter channelAdapter, CancellationToken cancellationToken)
   at MQTTnet.Client.MqttClient.ConnectAsync(MqttClientOptions options, CancellationToken cancellationToken)
   at MQTTnet.Client.MqttClient.ConnectAsync(MqttClientOptions options, CancellationToken cancellationToken)
   at myIoTGrid.Hub.Infrastructure.Mqtt.MqttClientService.ConnectWithRetryAsync(MqttClientOptions options, CancellationToken ct) in /Users/frankbersch/RiderProjects/myIoTGrid/myIoTGrid.Hub/myIoTGrid.Hub.Backend/src/myIoTGrid.Hub.Infrastructure/Mqtt/MqttClientService.cs:line 108
2025-11-27 19:35:20.633 +01:00 [WRN] [myIoTGrid.Hub.Infrastructure.Mqtt.MqttClientService] MQTT-Verbindung fehlgeschlagen (Versuch 3/10). Nächster Versuch in 5s...
MQTTnet.Exceptions.MqttCommunicationException: Error while connecting host 'Unspecified/localhost:1883'.
 ---> System.Net.Sockets.SocketException (61): Connection refused
   at System.Net.Sockets.Socket.AwaitableSocketAsyncEventArgs.ThrowException(SocketError error, CancellationToken cancellationToken)
   at System.Net.Sockets.Socket.AwaitableSocketAsyncEventArgs.System.Threading.Tasks.Sources.IValueTaskSource.GetResult(Int16 token)
   at MQTTnet.Implementations.CrossPlatformSocket.ConnectAsync(EndPoint endPoint, CancellationToken cancellationToken)
   --- End of inner exception stack trace ---
   at MQTTnet.Implementations.CrossPlatformSocket.ConnectAsync(EndPoint endPoint, CancellationToken cancellationToken)
   at MQTTnet.Implementations.MqttTcpChannel.ConnectAsync(CancellationToken cancellationToken)
   at MQTTnet.Adapter.MqttChannelAdapter.<>c__DisplayClass30_0.<<ConnectAsync>b__1>d.MoveNext()
--- End of stack trace from previous location ---
   at MQTTnet.Adapter.MqttChannelAdapter.ConnectAsync(CancellationToken cancellationToken)
   at MQTTnet.Client.MqttClient.ConnectInternal(IMqttChannelAdapter channelAdapter, CancellationToken cancellationToken)
   at MQTTnet.Client.MqttClient.ConnectAsync(MqttClientOptions options, CancellationToken cancellationToken)
   at MQTTnet.Client.MqttClient.ConnectAsync(MqttClientOptions options, CancellationToken cancellationToken)
   at myIoTGrid.Hub.Infrastructure.Mqtt.MqttClientService.ConnectWithRetryAsync(MqttClientOptions options, CancellationToken ct) in /Users/frankbersch/RiderProjects/myIoTGrid/myIoTGrid.Hub/myIoTGrid.Hub.Backend/src/myIoTGrid.Hub.Infrastructure/Mqtt/MqttClientService.cs:line 108
2025-11-27 19:35:20.634 +01:00 [INF] [myIoTGrid.Hub.Infrastructure.Mqtt.MqttClientService] Reconnecting in 5s...
2025-11-27 19:35:25.623 +01:00 [INF] [myIoTGrid.Hub.Infrastructure.Mqtt.MqttClientService] Verbinde zu MQTT Broker localhost:1883...
2025-11-27 19:35:25.626 +01:00 [WRN] [myIoTGrid.Hub.Infrastructure.Mqtt.MqttClientService] MQTT-Verbindung unterbrochen
MQTTnet.Exceptions.MqttCommunicationException: Error while connecting host 'Unspecified/localhost:1883'.
 ---> System.Net.Sockets.SocketException (61): Connection refused
   at System.Net.Sockets.Socket.AwaitableSocketAsyncEventArgs.ThrowException(SocketError error, CancellationToken cancellationToken)
   at System.Net.Sockets.Socket.AwaitableSocketAsyncEventArgs.System.Threading.Tasks.Sources.IValueTaskSource.GetResult(Int16 token)
   at MQTTnet.Implementations.CrossPlatformSocket.ConnectAsync(EndPoint endPoint, CancellationToken cancellationToken)
   --- End of inner exception stack trace ---
   at MQTTnet.Implementations.CrossPlatformSocket.ConnectAsync(EndPoint endPoint, CancellationToken cancellationToken)
   at MQTTnet.Implementations.MqttTcpChannel.ConnectAsync(CancellationToken cancellationToken)
   at MQTTnet.Adapter.MqttChannelAdapter.<>c__DisplayClass30_0.<<ConnectAsync>b__1>d.MoveNext()
--- End of stack trace from previous location ---
   at MQTTnet.Adapter.MqttChannelAdapter.ConnectAsync(CancellationToken cancellationToken)
   at MQTTnet.Client.MqttClient.ConnectInternal(IMqttChannelAdapter channelAdapter, CancellationToken cancellationToken)
   at MQTTnet.Client.MqttClient.ConnectAsync(MqttClientOptions options, CancellationToken cancellationToken)
   at MQTTnet.Client.MqttClient.ConnectAsync(MqttClientOptions options, CancellationToken cancellationToken)
   at myIoTGrid.Hub.Infrastructure.Mqtt.MqttClientService.ConnectWithRetryAsync(MqttClientOptions options, CancellationToken ct) in /Users/frankbersch/RiderProjects/myIoTGrid/myIoTGrid.Hub/myIoTGrid.Hub.Backend/src/myIoTGrid.Hub.Infrastructure/Mqtt/MqttClientService.cs:line 108
2025-11-27 19:35:25.637 +01:00 [INF] [myIoTGrid.Hub.Infrastructure.Mqtt.MqttClientService] Verbinde zu MQTT Broker localhost:1883...
2025-11-27 19:35:25.645 +01:00 [INF] [myIoTGrid.Hub.Infrastructure.Mqtt.MqttClientService] Verbinde zu MQTT Broker localhost:1883...
2025-11-27 19:35:25.645 +01:00 [WRN] [myIoTGrid.Hub.Infrastructure.Mqtt.MqttClientService] MQTT-Verbindung fehlgeschlagen (Versuch 4/10). Nächster Versuch in 5s...
MQTTnet.Exceptions.MqttCommunicationException: Error while connecting host 'Unspecified/localhost:1883'.
 ---> System.Net.Sockets.SocketException (61): Connection refused
   at System.Net.Sockets.Socket.AwaitableSocketAsyncEventArgs.ThrowException(SocketError error, CancellationToken cancellationToken)
   at System.Net.Sockets.Socket.AwaitableSocketAsyncEventArgs.System.Threading.Tasks.Sources.IValueTaskSource.GetResult(Int16 token)
   at MQTTnet.Implementations.CrossPlatformSocket.ConnectAsync(EndPoint endPoint, CancellationToken cancellationToken)
   --- End of inner exception stack trace ---
   at MQTTnet.Implementations.CrossPlatformSocket.ConnectAsync(EndPoint endPoint, CancellationToken cancellationToken)
   at MQTTnet.Implementations.MqttTcpChannel.ConnectAsync(CancellationToken cancellationToken)
   at MQTTnet.Adapter.MqttChannelAdapter.<>c__DisplayClass30_0.<<ConnectAsync>b__1>d.MoveNext()
--- End of stack trace from previous location ---
   at MQTTnet.Adapter.MqttChannelAdapter.ConnectAsync(CancellationToken cancellationToken)
   at MQTTnet.Client.MqttClient.ConnectInternal(IMqttChannelAdapter channelAdapter, CancellationToken cancellationToken)
   at MQTTnet.Client.MqttClient.ConnectAsync(MqttClientOptions options, CancellationToken cancellationToken)
   at MQTTnet.Client.MqttClient.ConnectAsync(MqttClientOptions options, CancellationToken cancellationToken)
   at myIoTGrid.Hub.Infrastructure.Mqtt.MqttClientService.ConnectWithRetryAsync(MqttClientOptions options, CancellationToken ct) in /Users/frankbersch/RiderProjects/myIoTGrid/myIoTGrid.Hub/myIoTGrid.Hub.Backend/src/myIoTGrid.Hub.Infrastructure/Mqtt/MqttClientService.cs:line 108
2025-11-27 19:35:25.698 +01:00 [WRN] [myIoTGrid.Hub.Infrastructure.Mqtt.MqttClientService] MQTT-Verbindung fehlgeschlagen (Versuch 5/10). Nächster Versuch in 5s...
System.InvalidOperationException: Not allowed to connect while connect/disconnect is pending.
   at MQTTnet.Client.MqttClient.ConnectAsync(MqttClientOptions options, CancellationToken cancellationToken)
   at myIoTGrid.Hub.Infrastructure.Mqtt.MqttClientService.ConnectWithRetryAsync(MqttClientOptions options, CancellationToken ct) in /Users/frankbersch/RiderProjects/myIoTGrid/myIoTGrid.Hub/myIoTGrid.Hub.Backend/src/myIoTGrid.Hub.Infrastructure/Mqtt/MqttClientService.cs:line 108
2025-11-27 19:35:25.646 +01:00 [INF] [myIoTGrid.Hub.Infrastructure.Mqtt.MqttClientService] Reconnecting in 5s...
2025-11-27 19:35:25.700 +01:00 [WRN] [myIoTGrid.Hub.Infrastructure.Mqtt.MqttClientService] MQTT-Verbindung unterbrochen
MQTTnet.Exceptions.MqttCommunicationException: Error while connecting host 'Unspecified/localhost:1883'.
 ---> System.Net.Sockets.SocketException (61): Connection refused
   at System.Net.Sockets.Socket.AwaitableSocketAsyncEventArgs.ThrowException(SocketError error, CancellationToken cancellationToken)
   at System.Net.Sockets.Socket.AwaitableSocketAsyncEventArgs.System.Threading.Tasks.Sources.IValueTaskSource.GetResult(Int16 token)
   at MQTTnet.Implementations.CrossPlatformSocket.ConnectAsync(EndPoint endPoint, CancellationToken cancellationToken)
   --- End of inner exception stack trace ---
   at MQTTnet.Implementations.CrossPlatformSocket.ConnectAsync(EndPoint endPoint, CancellationToken cancellationToken)
   at MQTTnet.Implementations.MqttTcpChannel.ConnectAsync(CancellationToken cancellationToken)
   at MQTTnet.Adapter.MqttChannelAdapter.<>c__DisplayClass30_0.<<ConnectAsync>b__1>d.MoveNext()
--- End of stack trace from previous location ---
   at MQTTnet.Adapter.MqttChannelAdapter.ConnectAsync(CancellationToken cancellationToken)
   at MQTTnet.Client.MqttClient.ConnectInternal(IMqttChannelAdapter channelAdapter, CancellationToken cancellationToken)
   at MQTTnet.Client.MqttClient.ConnectAsync(MqttClientOptions options, CancellationToken cancellationToken)
   at MQTTnet.Client.MqttClient.ConnectAsync(MqttClientOptions options, CancellationToken cancellationToken)
   at myIoTGrid.Hub.Infrastructure.Mqtt.MqttClientService.ConnectWithRetryAsync(MqttClientOptions options, CancellationToken ct) in /Users/frankbersch/RiderProjects/myIoTGrid/myIoTGrid.Hub/myIoTGrid.Hub.Backend/src/myIoTGrid.Hub.Infrastructure/Mqtt/MqttClientService.cs:line 108
2025-11-27 19:35:25.711 +01:00 [WRN] [myIoTGrid.Hub.Infrastructure.Mqtt.MqttClientService] MQTT-Verbindung fehlgeschlagen (Versuch 6/10). Nächster Versuch in 5s...
MQTTnet.Exceptions.MqttCommunicationException: Error while connecting host 'Unspecified/localhost:1883'.
 ---> System.Net.Sockets.SocketException (61): Connection refused
   at System.Net.Sockets.Socket.AwaitableSocketAsyncEventArgs.ThrowException(SocketError error, CancellationToken cancellationToken)
   at System.Net.Sockets.Socket.AwaitableSocketAsyncEventArgs.System.Threading.Tasks.Sources.IValueTaskSource.GetResult(Int16 token)
   at MQTTnet.Implementations.CrossPlatformSocket.ConnectAsync(EndPoint endPoint, CancellationToken cancellationToken)
   --- End of inner exception stack trace ---
   at MQTTnet.Implementations.CrossPlatformSocket.ConnectAsync(EndPoint endPoint, CancellationToken cancellationToken)
   at MQTTnet.Implementations.MqttTcpChannel.ConnectAsync(CancellationToken cancellationToken)
   at MQTTnet.Adapter.MqttChannelAdapter.<>c__DisplayClass30_0.<<ConnectAsync>b__1>d.MoveNext()
--- End of stack trace from previous location ---
   at MQTTnet.Adapter.MqttChannelAdapter.ConnectAsync(CancellationToken cancellationToken)
   at MQTTnet.Client.MqttClient.ConnectInternal(IMqttChannelAdapter channelAdapter, CancellationToken cancellationToken)
   at MQTTnet.Client.MqttClient.ConnectAsync(MqttClientOptions options, CancellationToken cancellationToken)
   at MQTTnet.Client.MqttClient.ConnectAsync(MqttClientOptions options, CancellationToken cancellationToken)
   at myIoTGrid.Hub.Infrastructure.Mqtt.MqttClientService.ConnectWithRetryAsync(MqttClientOptions options, CancellationToken ct) in /Users/frankbersch/RiderProjects/myIoTGrid/myIoTGrid.Hub/myIoTGrid.Hub.Backend/src/myIoTGrid.Hub.Infrastructure/Mqtt/MqttClientService.cs:line 108
2025-11-27 19:35:25.711 +01:00 [INF] [myIoTGrid.Hub.Infrastructure.Mqtt.MqttClientService] Reconnecting in 5s...
2025-11-27 19:35:30.701 +01:00 [INF] [myIoTGrid.Hub.Infrastructure.Mqtt.MqttClientService] Verbinde zu MQTT Broker localhost:1883...
2025-11-27 19:35:30.701 +01:00 [INF] [myIoTGrid.Hub.Infrastructure.Mqtt.MqttClientService] Verbinde zu MQTT Broker localhost:1883...
2025-11-27 19:35:30.701 +01:00 [INF] [myIoTGrid.Hub.Infrastructure.Mqtt.MqttClientService] Verbinde zu MQTT Broker localhost:1883...
2025-11-27 19:35:30.737 +01:00 [WRN] [myIoTGrid.Hub.Infrastructure.Mqtt.MqttClientService] MQTT-Verbindung fehlgeschlagen (Versuch 7/10). Nächster Versuch in 5s...
System.InvalidOperationException: Not allowed to connect while connect/disconnect is pending.
   at MQTTnet.Client.MqttClient.ConnectAsync(MqttClientOptions options, CancellationToken cancellationToken)
   at myIoTGrid.Hub.Infrastructure.Mqtt.MqttClientService.ConnectWithRetryAsync(MqttClientOptions options, CancellationToken ct) in /Users/frankbersch/RiderProjects/myIoTGrid/myIoTGrid.Hub/myIoTGrid.Hub.Backend/src/myIoTGrid.Hub.Infrastructure/Mqtt/MqttClientService.cs:line 108
2025-11-27 19:35:30.766 +01:00 [INF] [myIoTGrid.Hub.Infrastructure.Mqtt.MqttClientService] Verbinde zu MQTT Broker localhost:1883...
2025-11-27 19:35:30.766 +01:00 [INF] [myIoTGrid.Hub.Infrastructure.Mqtt.MqttClientService] Verbinde zu MQTT Broker localhost:1883...
2025-11-27 19:35:30.766 +01:00 [WRN] [myIoTGrid.Hub.Infrastructure.Mqtt.MqttClientService] MQTT-Verbindung fehlgeschlagen (Versuch 8/10). Nächster Versuch in 5s...
System.InvalidOperationException: Not allowed to connect while connect/disconnect is pending.
   at MQTTnet.Client.MqttClient.ConnectAsync(MqttClientOptions options, CancellationToken cancellationToken)
   at myIoTGrid.Hub.Infrastructure.Mqtt.MqttClientService.ConnectWithRetryAsync(MqttClientOptions options, CancellationToken ct) in /Users/frankbersch/RiderProjects/myIoTGrid/myIoTGrid.Hub/myIoTGrid.Hub.Backend/src/myIoTGrid.Hub.Infrastructure/Mqtt/MqttClientService.cs:line 108
2025-11-27 19:35:30.824 +01:00 [WRN] [myIoTGrid.Hub.Infrastructure.Mqtt.MqttClientService] MQTT-Verbindung fehlgeschlagen (Versuch 10/10). Nächster Versuch in 5s...
System.InvalidOperationException: Not allowed to connect while connect/disconnect is pending.
   at MQTTnet.Client.MqttClient.ConnectAsync(MqttClientOptions options, CancellationToken cancellationToken)
   at myIoTGrid.Hub.Infrastructure.Mqtt.MqttClientService.ConnectWithRetryAsync(MqttClientOptions options, CancellationToken ct) in /Users/frankbersch/RiderProjects/myIoTGrid/myIoTGrid.Hub/myIoTGrid.Hub.Backend/src/myIoTGrid.Hub.Infrastructure/Mqtt/MqttClientService.cs:line 108
2025-11-27 19:35:30.859 +01:00 [WRN] [myIoTGrid.Hub.Infrastructure.Mqtt.MqttClientService] MQTT-Verbindung unterbrochen
MQTTnet.Exceptions.MqttCommunicationException: Error while connecting host 'Unspecified/localhost:1883'.
 ---> System.Net.Sockets.SocketException (61): Connection refused
   at System.Net.Sockets.Socket.AwaitableSocketAsyncEventArgs.ThrowException(SocketError error, CancellationToken cancellationToken)
   at System.Net.Sockets.Socket.AwaitableSocketAsyncEventArgs.System.Threading.Tasks.Sources.IValueTaskSource.GetResult(Int16 token)
   at MQTTnet.Implementations.CrossPlatformSocket.ConnectAsync(EndPoint endPoint, CancellationToken cancellationToken)
   --- End of inner exception stack trace ---
   at MQTTnet.Implementations.CrossPlatformSocket.ConnectAsync(EndPoint endPoint, CancellationToken cancellationToken)
   at MQTTnet.Implementations.MqttTcpChannel.ConnectAsync(CancellationToken cancellationToken)
   at MQTTnet.Adapter.MqttChannelAdapter.<>c__DisplayClass30_0.<<ConnectAsync>b__1>d.MoveNext()
--- End of stack trace from previous location ---
   at MQTTnet.Adapter.MqttChannelAdapter.ConnectAsync(CancellationToken cancellationToken)
   at MQTTnet.Client.MqttClient.ConnectInternal(IMqttChannelAdapter channelAdapter, CancellationToken cancellationToken)
   at MQTTnet.Client.MqttClient.ConnectAsync(MqttClientOptions options, CancellationToken cancellationToken)
   at MQTTnet.Client.MqttClient.ConnectAsync(MqttClientOptions options, CancellationToken cancellationToken)
   at myIoTGrid.Hub.Infrastructure.Mqtt.MqttClientService.ConnectWithRetryAsync(MqttClientOptions options, CancellationToken ct) in /Users/frankbersch/RiderProjects/myIoTGrid/myIoTGrid.Hub/myIoTGrid.Hub.Backend/src/myIoTGrid.Hub.Infrastructure/Mqtt/MqttClientService.cs:line 108
2025-11-27 19:35:30.859 +01:00 [WRN] [myIoTGrid.Hub.Infrastructure.Mqtt.MqttClientService] MQTT-Verbindung fehlgeschlagen (Versuch 11/10). Nächster Versuch in 5s...
MQTTnet.Exceptions.MqttCommunicationException: Error while connecting host 'Unspecified/localhost:1883'.
 ---> System.Net.Sockets.SocketException (61): Connection refused
   at System.Net.Sockets.Socket.AwaitableSocketAsyncEventArgs.ThrowException(SocketError error, CancellationToken cancellationToken)
   at System.Net.Sockets.Socket.AwaitableSocketAsyncEventArgs.System.Threading.Tasks.Sources.IValueTaskSource.GetResult(Int16 token)
   at MQTTnet.Implementations.CrossPlatformSocket.ConnectAsync(EndPoint endPoint, CancellationToken cancellationToken)
   --- End of inner exception stack trace ---
   at MQTTnet.Implementations.CrossPlatformSocket.ConnectAsync(EndPoint endPoint, CancellationToken cancellationToken)
   at MQTTnet.Implementations.MqttTcpChannel.ConnectAsync(CancellationToken cancellationToken)
   at MQTTnet.Adapter.MqttChannelAdapter.<>c__DisplayClass30_0.<<ConnectAsync>b__1>d.MoveNext()
--- End of stack trace from previous location ---
   at MQTTnet.Adapter.MqttChannelAdapter.ConnectAsync(CancellationToken cancellationToken)
   at MQTTnet.Client.MqttClient.ConnectInternal(IMqttChannelAdapter channelAdapter, CancellationToken cancellationToken)
   at MQTTnet.Client.MqttClient.ConnectAsync(MqttClientOptions options, CancellationToken cancellationToken)
   at MQTTnet.Client.MqttClient.ConnectAsync(MqttClientOptions options, CancellationToken cancellationToken)
   at myIoTGrid.Hub.Infrastructure.Mqtt.MqttClientService.ConnectWithRetryAsync(MqttClientOptions options, CancellationToken ct) in /Users/frankbersch/RiderProjects/myIoTGrid/myIoTGrid.Hub/myIoTGrid.Hub.Backend/src/myIoTGrid.Hub.Infrastructure/Mqtt/MqttClientService.cs:line 108
2025-11-27 19:35:30.860 +01:00 [ERR] [myIoTGrid.Hub.Infrastructure.Mqtt.MqttClientService] Maximale Anzahl an Reconnect-Versuchen erreicht. MQTT-Verbindung aufgegeben.
2025-11-27 19:35:30.859 +01:00 [ERR] [myIoTGrid.Hub.Infrastructure.Mqtt.MqttClientService] Maximale Anzahl an Reconnect-Versuchen erreicht. MQTT-Verbindung aufgegeben.
2025-11-27 19:35:30.821 +01:00 [WRN] [myIoTGrid.Hub.Infrastructure.Mqtt.MqttClientService] MQTT-Verbindung fehlgeschlagen (Versuch 9/10). Nächster Versuch in 5s...
System.InvalidOperationException: Not allowed to connect while connect/disconnect is pending.
   at MQTTnet.Client.MqttClient.ConnectAsync(MqttClientOptions options, CancellationToken cancellationToken)
   at myIoTGrid.Hub.Infrastructure.Mqtt.MqttClientService.ConnectWithRetryAsync(MqttClientOptions options, CancellationToken ct) in /Users/frankbersch/RiderProjects/myIoTGrid/myIoTGrid.Hub/myIoTGrid.Hub.Backend/src/myIoTGrid.Hub.Infrastructure/Mqtt/MqttClientService.cs:line 108
2025-11-27 19:35:30.860 +01:00 [INF] [myIoTGrid.Hub.Infrastructure.Mqtt.MqttClientService] Reconnecting in 5s...
2025-11-27 19:35:30.861 +01:00 [ERR] [myIoTGrid.Hub.Infrastructure.Mqtt.MqttClientService] Maximale Anzahl an Reconnect-Versuchen erreicht. MQTT-Verbindung aufgegeben.
2025-11-27 19:35:30.861 +01:00 [ERR] [myIoTGrid.Hub.Infrastructure.Mqtt.MqttClientService] Maximale Anzahl an Reconnect-Versuchen erreicht. MQTT-Verbindung aufgegeben.
2025-11-27 19:36:59.267 +01:00 [INF] [] myIoTGrid Hub API wurde erfolgreich gestartet
2025-11-27 19:36:59.286 +01:00 [INF] [myIoTGrid.Hub.Infrastructure.Mqtt.MqttClientService] MQTT Client Service wird gestartet...
2025-11-27 19:36:59.292 +01:00 [INF] [myIoTGrid.Hub.Interface.BackgroundServices.SeedDataHostedService] SeedDataHostedService starting...
2025-11-27 19:36:59.311 +01:00 [INF] [myIoTGrid.Hub.Infrastructure.Mqtt.MqttClientService] Verbinde zu MQTT Broker localhost:1883...
2025-11-27 19:36:59.513 +01:00 [WRN] [myIoTGrid.Hub.Infrastructure.Mqtt.MqttClientService] MQTT-Verbindung fehlgeschlagen (Versuch 1/10). Nächster Versuch in 5s...
MQTTnet.Exceptions.MqttCommunicationException: Error while connecting host 'Unspecified/localhost:1883'.
 ---> System.Net.Sockets.SocketException (61): Connection refused
   at System.Net.Sockets.Socket.AwaitableSocketAsyncEventArgs.ThrowException(SocketError error, CancellationToken cancellationToken)
   at System.Net.Sockets.Socket.AwaitableSocketAsyncEventArgs.System.Threading.Tasks.Sources.IValueTaskSource.GetResult(Int16 token)
   at MQTTnet.Implementations.CrossPlatformSocket.ConnectAsync(EndPoint endPoint, CancellationToken cancellationToken)
   --- End of inner exception stack trace ---
   at MQTTnet.Implementations.CrossPlatformSocket.ConnectAsync(EndPoint endPoint, CancellationToken cancellationToken)
   at MQTTnet.Implementations.MqttTcpChannel.ConnectAsync(CancellationToken cancellationToken)
   at MQTTnet.Adapter.MqttChannelAdapter.<>c__DisplayClass30_0.<<ConnectAsync>b__1>d.MoveNext()
--- End of stack trace from previous location ---
   at MQTTnet.Adapter.MqttChannelAdapter.ConnectAsync(CancellationToken cancellationToken)
   at MQTTnet.Client.MqttClient.ConnectInternal(IMqttChannelAdapter channelAdapter, CancellationToken cancellationToken)
   at MQTTnet.Client.MqttClient.ConnectAsync(MqttClientOptions options, CancellationToken cancellationToken)
   at MQTTnet.Client.MqttClient.ConnectAsync(MqttClientOptions options, CancellationToken cancellationToken)
   at myIoTGrid.Hub.Infrastructure.Mqtt.MqttClientService.ConnectWithRetryAsync(MqttClientOptions options, CancellationToken ct) in /Users/frankbersch/RiderProjects/myIoTGrid/myIoTGrid.Hub/myIoTGrid.Hub.Backend/src/myIoTGrid.Hub.Infrastructure/Mqtt/MqttClientService.cs:line 108
2025-11-27 19:36:59.514 +01:00 [WRN] [myIoTGrid.Hub.Infrastructure.Mqtt.MqttClientService] MQTT-Verbindung unterbrochen
MQTTnet.Exceptions.MqttCommunicationException: Error while connecting host 'Unspecified/localhost:1883'.
 ---> System.Net.Sockets.SocketException (61): Connection refused
   at System.Net.Sockets.Socket.AwaitableSocketAsyncEventArgs.ThrowException(SocketError error, CancellationToken cancellationToken)
   at System.Net.Sockets.Socket.AwaitableSocketAsyncEventArgs.System.Threading.Tasks.Sources.IValueTaskSource.GetResult(Int16 token)
   at MQTTnet.Implementations.CrossPlatformSocket.ConnectAsync(EndPoint endPoint, CancellationToken cancellationToken)
   --- End of inner exception stack trace ---
   at MQTTnet.Implementations.CrossPlatformSocket.ConnectAsync(EndPoint endPoint, CancellationToken cancellationToken)
   at MQTTnet.Implementations.MqttTcpChannel.ConnectAsync(CancellationToken cancellationToken)
   at MQTTnet.Adapter.MqttChannelAdapter.<>c__DisplayClass30_0.<<ConnectAsync>b__1>d.MoveNext()
--- End of stack trace from previous location ---
   at MQTTnet.Adapter.MqttChannelAdapter.ConnectAsync(CancellationToken cancellationToken)
   at MQTTnet.Client.MqttClient.ConnectInternal(IMqttChannelAdapter channelAdapter, CancellationToken cancellationToken)
   at MQTTnet.Client.MqttClient.ConnectAsync(MqttClientOptions options, CancellationToken cancellationToken)
   at MQTTnet.Client.MqttClient.ConnectAsync(MqttClientOptions options, CancellationToken cancellationToken)
   at myIoTGrid.Hub.Infrastructure.Mqtt.MqttClientService.ConnectWithRetryAsync(MqttClientOptions options, CancellationToken ct) in /Users/frankbersch/RiderProjects/myIoTGrid/myIoTGrid.Hub/myIoTGrid.Hub.Backend/src/myIoTGrid.Hub.Infrastructure/Mqtt/MqttClientService.cs:line 108
2025-11-27 19:36:59.527 +01:00 [INF] [myIoTGrid.Hub.Infrastructure.Mqtt.MqttClientService] Reconnecting in 5s...
2025-11-27 19:36:59.536 +01:00 [INF] [myIoTGrid.Hub.Service.Services.SeedDataService] Starting seed data process...
2025-11-27 19:36:59.841 +01:00 [WRN] [Microsoft.EntityFrameworkCore.Model.Validation] The property 'Sensor.SensorTypes' is a collection or enumeration type with a value converter but with no value comparer. Set a value comparer to ensure the collection/enumeration elements are compared correctly.
2025-11-27 19:36:59.854 +01:00 [WRN] [Microsoft.EntityFrameworkCore.Model.Validation] The entity type 'Location' is an optional dependent using table sharing without any required non shared column that could be used to identify whether the entity exists. If all nullable properties contain a 'null' value in database then an object instance won't be created in the query. Add a required property to create instances with 'null' values for other properties or mark the incoming navigation as required to always create an instance.
2025-11-27 19:37:00.105 +01:00 [INF] [myIoTGrid.Hub.Service.Services.SeedDataService] Default tenant ensured
2025-11-27 19:37:00.114 +01:00 [INF] [myIoTGrid.Hub.Service.Services.SeedDataService] Default sensor types seeded
2025-11-27 19:37:00.116 +01:00 [INF] [myIoTGrid.Hub.Service.Services.SeedDataService] Default alert types seeded
2025-11-27 19:37:00.116 +01:00 [INF] [myIoTGrid.Hub.Service.Services.SeedDataService] Seed data process completed
2025-11-27 19:37:00.116 +01:00 [INF] [myIoTGrid.Hub.Interface.BackgroundServices.SeedDataHostedService] SeedDataHostedService completed successfully
2025-11-27 19:37:00.120 +01:00 [INF] [myIoTGrid.Hub.Interface.BackgroundServices.SensorMonitorService] SensorMonitorService started. Check interval: 60s, Offline timeout: 5min
2025-11-27 19:37:00.120 +01:00 [INF] [myIoTGrid.Hub.Interface.BackgroundServices.HubMonitorService] HubMonitorService started. Check interval: 60s, Offline timeout: 5min
2025-11-27 19:37:00.120 +01:00 [INF] [myIoTGrid.Hub.Interface.BackgroundServices.MatterBridgeService] Matter Bridge integration is disabled
2025-11-27 19:37:00.120 +01:00 [INF] [myIoTGrid.Hub.Interface.BackgroundServices.DataRetentionService] DataRetentionService started. Interval: 24h, Retention: 30 days
2025-11-27 19:37:04.528 +01:00 [INF] [myIoTGrid.Hub.Infrastructure.Mqtt.MqttClientService] Verbinde zu MQTT Broker localhost:1883...
2025-11-27 19:37:04.528 +01:00 [INF] [myIoTGrid.Hub.Infrastructure.Mqtt.MqttClientService] Verbinde zu MQTT Broker localhost:1883...
2025-11-27 19:37:04.542 +01:00 [WRN] [myIoTGrid.Hub.Infrastructure.Mqtt.MqttClientService] MQTT-Verbindung fehlgeschlagen (Versuch 2/10). Nächster Versuch in 5s...
System.InvalidOperationException: Not allowed to connect while connect/disconnect is pending.
   at MQTTnet.Client.MqttClient.ConnectAsync(MqttClientOptions options, CancellationToken cancellationToken)
   at myIoTGrid.Hub.Infrastructure.Mqtt.MqttClientService.ConnectWithRetryAsync(MqttClientOptions options, CancellationToken ct) in /Users/frankbersch/RiderProjects/myIoTGrid/myIoTGrid.Hub/myIoTGrid.Hub.Backend/src/myIoTGrid.Hub.Infrastructure/Mqtt/MqttClientService.cs:line 108
2025-11-27 19:37:04.556 +01:00 [WRN] [myIoTGrid.Hub.Infrastructure.Mqtt.MqttClientService] MQTT-Verbindung unterbrochen
MQTTnet.Exceptions.MqttCommunicationException: Error while connecting host 'Unspecified/localhost:1883'.
 ---> System.Net.Sockets.SocketException (61): Connection refused
   at System.Net.Sockets.Socket.AwaitableSocketAsyncEventArgs.ThrowException(SocketError error, CancellationToken cancellationToken)
   at System.Net.Sockets.Socket.AwaitableSocketAsyncEventArgs.System.Threading.Tasks.Sources.IValueTaskSource.GetResult(Int16 token)
   at MQTTnet.Implementations.CrossPlatformSocket.ConnectAsync(EndPoint endPoint, CancellationToken cancellationToken)
   --- End of inner exception stack trace ---
   at MQTTnet.Implementations.CrossPlatformSocket.ConnectAsync(EndPoint endPoint, CancellationToken cancellationToken)
   at MQTTnet.Implementations.MqttTcpChannel.ConnectAsync(CancellationToken cancellationToken)
   at MQTTnet.Adapter.MqttChannelAdapter.<>c__DisplayClass30_0.<<ConnectAsync>b__1>d.MoveNext()
--- End of stack trace from previous location ---
   at MQTTnet.Adapter.MqttChannelAdapter.ConnectAsync(CancellationToken cancellationToken)
   at MQTTnet.Client.MqttClient.ConnectInternal(IMqttChannelAdapter channelAdapter, CancellationToken cancellationToken)
   at MQTTnet.Client.MqttClient.ConnectAsync(MqttClientOptions options, CancellationToken cancellationToken)
   at MQTTnet.Client.MqttClient.ConnectAsync(MqttClientOptions options, CancellationToken cancellationToken)
   at myIoTGrid.Hub.Infrastructure.Mqtt.MqttClientService.ConnectWithRetryAsync(MqttClientOptions options, CancellationToken ct) in /Users/frankbersch/RiderProjects/myIoTGrid/myIoTGrid.Hub/myIoTGrid.Hub.Backend/src/myIoTGrid.Hub.Infrastructure/Mqtt/MqttClientService.cs:line 108
2025-11-27 19:37:04.556 +01:00 [WRN] [myIoTGrid.Hub.Infrastructure.Mqtt.MqttClientService] MQTT-Verbindung fehlgeschlagen (Versuch 3/10). Nächster Versuch in 5s...
MQTTnet.Exceptions.MqttCommunicationException: Error while connecting host 'Unspecified/localhost:1883'.
 ---> System.Net.Sockets.SocketException (61): Connection refused
   at System.Net.Sockets.Socket.AwaitableSocketAsyncEventArgs.ThrowException(SocketError error, CancellationToken cancellationToken)
   at System.Net.Sockets.Socket.AwaitableSocketAsyncEventArgs.System.Threading.Tasks.Sources.IValueTaskSource.GetResult(Int16 token)
   at MQTTnet.Implementations.CrossPlatformSocket.ConnectAsync(EndPoint endPoint, CancellationToken cancellationToken)
   --- End of inner exception stack trace ---
   at MQTTnet.Implementations.CrossPlatformSocket.ConnectAsync(EndPoint endPoint, CancellationToken cancellationToken)
   at MQTTnet.Implementations.MqttTcpChannel.ConnectAsync(CancellationToken cancellationToken)
   at MQTTnet.Adapter.MqttChannelAdapter.<>c__DisplayClass30_0.<<ConnectAsync>b__1>d.MoveNext()
--- End of stack trace from previous location ---
   at MQTTnet.Adapter.MqttChannelAdapter.ConnectAsync(CancellationToken cancellationToken)
   at MQTTnet.Client.MqttClient.ConnectInternal(IMqttChannelAdapter channelAdapter, CancellationToken cancellationToken)
   at MQTTnet.Client.MqttClient.ConnectAsync(MqttClientOptions options, CancellationToken cancellationToken)
   at MQTTnet.Client.MqttClient.ConnectAsync(MqttClientOptions options, CancellationToken cancellationToken)
   at myIoTGrid.Hub.Infrastructure.Mqtt.MqttClientService.ConnectWithRetryAsync(MqttClientOptions options, CancellationToken ct) in /Users/frankbersch/RiderProjects/myIoTGrid/myIoTGrid.Hub/myIoTGrid.Hub.Backend/src/myIoTGrid.Hub.Infrastructure/Mqtt/MqttClientService.cs:line 108
2025-11-27 19:37:04.557 +01:00 [INF] [myIoTGrid.Hub.Infrastructure.Mqtt.MqttClientService] Reconnecting in 5s...
2025-11-27 19:37:09.544 +01:00 [INF] [myIoTGrid.Hub.Infrastructure.Mqtt.MqttClientService] Verbinde zu MQTT Broker localhost:1883...
2025-11-27 19:37:09.546 +01:00 [WRN] [myIoTGrid.Hub.Infrastructure.Mqtt.MqttClientService] MQTT-Verbindung unterbrochen
MQTTnet.Exceptions.MqttCommunicationException: Error while connecting host 'Unspecified/localhost:1883'.
 ---> System.Net.Sockets.SocketException (61): Connection refused
   at System.Net.Sockets.Socket.AwaitableSocketAsyncEventArgs.ThrowException(SocketError error, CancellationToken cancellationToken)
   at System.Net.Sockets.Socket.AwaitableSocketAsyncEventArgs.System.Threading.Tasks.Sources.IValueTaskSource.GetResult(Int16 token)
   at MQTTnet.Implementations.CrossPlatformSocket.ConnectAsync(EndPoint endPoint, CancellationToken cancellationToken)
   --- End of inner exception stack trace ---
   at MQTTnet.Implementations.CrossPlatformSocket.ConnectAsync(EndPoint endPoint, CancellationToken cancellationToken)
   at MQTTnet.Implementations.MqttTcpChannel.ConnectAsync(CancellationToken cancellationToken)
   at MQTTnet.Adapter.MqttChannelAdapter.<>c__DisplayClass30_0.<<ConnectAsync>b__1>d.MoveNext()
--- End of stack trace from previous location ---
   at MQTTnet.Adapter.MqttChannelAdapter.ConnectAsync(CancellationToken cancellationToken)
   at MQTTnet.Client.MqttClient.ConnectInternal(IMqttChannelAdapter channelAdapter, CancellationToken cancellationToken)
   at MQTTnet.Client.MqttClient.ConnectAsync(MqttClientOptions options, CancellationToken cancellationToken)
   at MQTTnet.Client.MqttClient.ConnectAsync(MqttClientOptions options, CancellationToken cancellationToken)
   at myIoTGrid.Hub.Infrastructure.Mqtt.MqttClientService.ConnectWithRetryAsync(MqttClientOptions options, CancellationToken ct) in /Users/frankbersch/RiderProjects/myIoTGrid/myIoTGrid.Hub/myIoTGrid.Hub.Backend/src/myIoTGrid.Hub.Infrastructure/Mqtt/MqttClientService.cs:line 108
2025-11-27 19:37:09.559 +01:00 [INF] [myIoTGrid.Hub.Infrastructure.Mqtt.MqttClientService] Verbinde zu MQTT Broker localhost:1883...
2025-11-27 19:37:09.559 +01:00 [WRN] [myIoTGrid.Hub.Infrastructure.Mqtt.MqttClientService] MQTT-Verbindung fehlgeschlagen (Versuch 4/10). Nächster Versuch in 5s...
MQTTnet.Exceptions.MqttCommunicationException: Error while connecting host 'Unspecified/localhost:1883'.
 ---> System.Net.Sockets.SocketException (61): Connection refused
   at System.Net.Sockets.Socket.AwaitableSocketAsyncEventArgs.ThrowException(SocketError error, CancellationToken cancellationToken)
   at System.Net.Sockets.Socket.AwaitableSocketAsyncEventArgs.System.Threading.Tasks.Sources.IValueTaskSource.GetResult(Int16 token)
   at MQTTnet.Implementations.CrossPlatformSocket.ConnectAsync(EndPoint endPoint, CancellationToken cancellationToken)
   --- End of inner exception stack trace ---
   at MQTTnet.Implementations.CrossPlatformSocket.ConnectAsync(EndPoint endPoint, CancellationToken cancellationToken)
   at MQTTnet.Implementations.MqttTcpChannel.ConnectAsync(CancellationToken cancellationToken)
   at MQTTnet.Adapter.MqttChannelAdapter.<>c__DisplayClass30_0.<<ConnectAsync>b__1>d.MoveNext()
--- End of stack trace from previous location ---
   at MQTTnet.Adapter.MqttChannelAdapter.ConnectAsync(CancellationToken cancellationToken)
   at MQTTnet.Client.MqttClient.ConnectInternal(IMqttChannelAdapter channelAdapter, CancellationToken cancellationToken)
   at MQTTnet.Client.MqttClient.ConnectAsync(MqttClientOptions options, CancellationToken cancellationToken)
   at MQTTnet.Client.MqttClient.ConnectAsync(MqttClientOptions options, CancellationToken cancellationToken)
   at myIoTGrid.Hub.Infrastructure.Mqtt.MqttClientService.ConnectWithRetryAsync(MqttClientOptions options, CancellationToken ct) in /Users/frankbersch/RiderProjects/myIoTGrid/myIoTGrid.Hub/myIoTGrid.Hub.Backend/src/myIoTGrid.Hub.Infrastructure/Mqtt/MqttClientService.cs:line 108
2025-11-27 19:37:09.559 +01:00 [INF] [myIoTGrid.Hub.Infrastructure.Mqtt.MqttClientService] Verbinde zu MQTT Broker localhost:1883...
2025-11-27 19:37:09.560 +01:00 [INF] [myIoTGrid.Hub.Infrastructure.Mqtt.MqttClientService] Reconnecting in 5s...
2025-11-27 19:37:09.619 +01:00 [WRN] [myIoTGrid.Hub.Infrastructure.Mqtt.MqttClientService] MQTT-Verbindung fehlgeschlagen (Versuch 5/10). Nächster Versuch in 5s...
System.InvalidOperationException: Not allowed to connect while connect/disconnect is pending.
   at MQTTnet.Client.MqttClient.ConnectAsync(MqttClientOptions options, CancellationToken cancellationToken)
   at myIoTGrid.Hub.Infrastructure.Mqtt.MqttClientService.ConnectWithRetryAsync(MqttClientOptions options, CancellationToken ct) in /Users/frankbersch/RiderProjects/myIoTGrid/myIoTGrid.Hub/myIoTGrid.Hub.Backend/src/myIoTGrid.Hub.Infrastructure/Mqtt/MqttClientService.cs:line 108
2025-11-27 19:37:09.621 +01:00 [WRN] [myIoTGrid.Hub.Infrastructure.Mqtt.MqttClientService] MQTT-Verbindung unterbrochen
MQTTnet.Exceptions.MqttCommunicationException: Error while connecting host 'Unspecified/localhost:1883'.
 ---> System.Net.Sockets.SocketException (61): Connection refused
   at System.Net.Sockets.Socket.AwaitableSocketAsyncEventArgs.ThrowException(SocketError error, CancellationToken cancellationToken)
   at System.Net.Sockets.Socket.AwaitableSocketAsyncEventArgs.System.Threading.Tasks.Sources.IValueTaskSource.GetResult(Int16 token)
   at MQTTnet.Implementations.CrossPlatformSocket.ConnectAsync(EndPoint endPoint, CancellationToken cancellationToken)
   --- End of inner exception stack trace ---
   at MQTTnet.Implementations.CrossPlatformSocket.ConnectAsync(EndPoint endPoint, CancellationToken cancellationToken)
   at MQTTnet.Implementations.MqttTcpChannel.ConnectAsync(CancellationToken cancellationToken)
   at MQTTnet.Adapter.MqttChannelAdapter.<>c__DisplayClass30_0.<<ConnectAsync>b__1>d.MoveNext()
--- End of stack trace from previous location ---
   at MQTTnet.Adapter.MqttChannelAdapter.ConnectAsync(CancellationToken cancellationToken)
   at MQTTnet.Client.MqttClient.ConnectInternal(IMqttChannelAdapter channelAdapter, CancellationToken cancellationToken)
   at MQTTnet.Client.MqttClient.ConnectAsync(MqttClientOptions options, CancellationToken cancellationToken)
   at MQTTnet.Client.MqttClient.ConnectAsync(MqttClientOptions options, CancellationToken cancellationToken)
   at myIoTGrid.Hub.Infrastructure.Mqtt.MqttClientService.ConnectWithRetryAsync(MqttClientOptions options, CancellationToken ct) in /Users/frankbersch/RiderProjects/myIoTGrid/myIoTGrid.Hub/myIoTGrid.Hub.Backend/src/myIoTGrid.Hub.Infrastructure/Mqtt/MqttClientService.cs:line 108
2025-11-27 19:37:09.633 +01:00 [WRN] [myIoTGrid.Hub.Infrastructure.Mqtt.MqttClientService] MQTT-Verbindung fehlgeschlagen (Versuch 6/10). Nächster Versuch in 5s...
MQTTnet.Exceptions.MqttCommunicationException: Error while connecting host 'Unspecified/localhost:1883'.
 ---> System.Net.Sockets.SocketException (61): Connection refused
   at System.Net.Sockets.Socket.AwaitableSocketAsyncEventArgs.ThrowException(SocketError error, CancellationToken cancellationToken)
   at System.Net.Sockets.Socket.AwaitableSocketAsyncEventArgs.System.Threading.Tasks.Sources.IValueTaskSource.GetResult(Int16 token)
   at MQTTnet.Implementations.CrossPlatformSocket.ConnectAsync(EndPoint endPoint, CancellationToken cancellationToken)
   --- End of inner exception stack trace ---
   at MQTTnet.Implementations.CrossPlatformSocket.ConnectAsync(EndPoint endPoint, CancellationToken cancellationToken)
   at MQTTnet.Implementations.MqttTcpChannel.ConnectAsync(CancellationToken cancellationToken)
   at MQTTnet.Adapter.MqttChannelAdapter.<>c__DisplayClass30_0.<<ConnectAsync>b__1>d.MoveNext()
--- End of stack trace from previous location ---
   at MQTTnet.Adapter.MqttChannelAdapter.ConnectAsync(CancellationToken cancellationToken)
   at MQTTnet.Client.MqttClient.ConnectInternal(IMqttChannelAdapter channelAdapter, CancellationToken cancellationToken)
   at MQTTnet.Client.MqttClient.ConnectAsync(MqttClientOptions options, CancellationToken cancellationToken)
   at MQTTnet.Client.MqttClient.ConnectAsync(MqttClientOptions options, CancellationToken cancellationToken)
   at myIoTGrid.Hub.Infrastructure.Mqtt.MqttClientService.ConnectWithRetryAsync(MqttClientOptions options, CancellationToken ct) in /Users/frankbersch/RiderProjects/myIoTGrid/myIoTGrid.Hub/myIoTGrid.Hub.Backend/src/myIoTGrid.Hub.Infrastructure/Mqtt/MqttClientService.cs:line 108
2025-11-27 19:37:09.633 +01:00 [INF] [myIoTGrid.Hub.Infrastructure.Mqtt.MqttClientService] Reconnecting in 5s...
2025-11-27 19:37:14.564 +01:00 [INF] [myIoTGrid.Hub.Infrastructure.Mqtt.MqttClientService] Verbinde zu MQTT Broker localhost:1883...
2025-11-27 19:37:14.564 +01:00 [INF] [myIoTGrid.Hub.Infrastructure.Mqtt.MqttClientService] Verbinde zu MQTT Broker localhost:1883...
2025-11-27 19:37:14.570 +01:00 [WRN] [myIoTGrid.Hub.Infrastructure.Mqtt.MqttClientService] MQTT-Verbindung fehlgeschlagen (Versuch 7/10). Nächster Versuch in 5s...
System.InvalidOperationException: Not allowed to connect while connect/disconnect is pending.
   at MQTTnet.Client.MqttClient.ConnectAsync(MqttClientOptions options, CancellationToken cancellationToken)
   at myIoTGrid.Hub.Infrastructure.Mqtt.MqttClientService.ConnectWithRetryAsync(MqttClientOptions options, CancellationToken ct) in /Users/frankbersch/RiderProjects/myIoTGrid/myIoTGrid.Hub/myIoTGrid.Hub.Backend/src/myIoTGrid.Hub.Infrastructure/Mqtt/MqttClientService.cs:line 108
2025-11-27 19:37:14.570 +01:00 [WRN] [myIoTGrid.Hub.Infrastructure.Mqtt.MqttClientService] MQTT-Verbindung unterbrochen
MQTTnet.Exceptions.MqttCommunicationException: Error while connecting host 'Unspecified/localhost:1883'.
 ---> System.Net.Sockets.SocketException (61): Connection refused
   at System.Net.Sockets.Socket.AwaitableSocketAsyncEventArgs.ThrowException(SocketError error, CancellationToken cancellationToken)
   at System.Net.Sockets.Socket.AwaitableSocketAsyncEventArgs.System.Threading.Tasks.Sources.IValueTaskSource.GetResult(Int16 token)
   at MQTTnet.Implementations.CrossPlatformSocket.ConnectAsync(EndPoint endPoint, CancellationToken cancellationToken)
   --- End of inner exception stack trace ---
   at MQTTnet.Implementations.CrossPlatformSocket.ConnectAsync(EndPoint endPoint, CancellationToken cancellationToken)
   at MQTTnet.Implementations.MqttTcpChannel.ConnectAsync(CancellationToken cancellationToken)
   at MQTTnet.Adapter.MqttChannelAdapter.<>c__DisplayClass30_0.<<ConnectAsync>b__1>d.MoveNext()
--- End of stack trace from previous location ---
   at MQTTnet.Adapter.MqttChannelAdapter.ConnectAsync(CancellationToken cancellationToken)
   at MQTTnet.Client.MqttClient.ConnectInternal(IMqttChannelAdapter channelAdapter, CancellationToken cancellationToken)
   at MQTTnet.Client.MqttClient.ConnectAsync(MqttClientOptions options, CancellationToken cancellationToken)
   at MQTTnet.Client.MqttClient.ConnectAsync(MqttClientOptions options, CancellationToken cancellationToken)
   at myIoTGrid.Hub.Infrastructure.Mqtt.MqttClientService.ConnectWithRetryAsync(MqttClientOptions options, CancellationToken ct) in /Users/frankbersch/RiderProjects/myIoTGrid/myIoTGrid.Hub/myIoTGrid.Hub.Backend/src/myIoTGrid.Hub.Infrastructure/Mqtt/MqttClientService.cs:line 108
2025-11-27 19:37:14.583 +01:00 [WRN] [myIoTGrid.Hub.Infrastructure.Mqtt.MqttClientService] MQTT-Verbindung fehlgeschlagen (Versuch 8/10). Nächster Versuch in 5s...
MQTTnet.Exceptions.MqttCommunicationException: Error while connecting host 'Unspecified/localhost:1883'.
 ---> System.Net.Sockets.SocketException (61): Connection refused
   at System.Net.Sockets.Socket.AwaitableSocketAsyncEventArgs.ThrowException(SocketError error, CancellationToken cancellationToken)
   at System.Net.Sockets.Socket.AwaitableSocketAsyncEventArgs.System.Threading.Tasks.Sources.IValueTaskSource.GetResult(Int16 token)
   at MQTTnet.Implementations.CrossPlatformSocket.ConnectAsync(EndPoint endPoint, CancellationToken cancellationToken)
   --- End of inner exception stack trace ---
   at MQTTnet.Implementations.CrossPlatformSocket.ConnectAsync(EndPoint endPoint, CancellationToken cancellationToken)
   at MQTTnet.Implementations.MqttTcpChannel.ConnectAsync(CancellationToken cancellationToken)
   at MQTTnet.Adapter.MqttChannelAdapter.<>c__DisplayClass30_0.<<ConnectAsync>b__1>d.MoveNext()
--- End of stack trace from previous location ---
   at MQTTnet.Adapter.MqttChannelAdapter.ConnectAsync(CancellationToken cancellationToken)
   at MQTTnet.Client.MqttClient.ConnectInternal(IMqttChannelAdapter channelAdapter, CancellationToken cancellationToken)
   at MQTTnet.Client.MqttClient.ConnectAsync(MqttClientOptions options, CancellationToken cancellationToken)
   at MQTTnet.Client.MqttClient.ConnectAsync(MqttClientOptions options, CancellationToken cancellationToken)
   at myIoTGrid.Hub.Infrastructure.Mqtt.MqttClientService.ConnectWithRetryAsync(MqttClientOptions options, CancellationToken ct) in /Users/frankbersch/RiderProjects/myIoTGrid/myIoTGrid.Hub/myIoTGrid.Hub.Backend/src/myIoTGrid.Hub.Infrastructure/Mqtt/MqttClientService.cs:line 108
2025-11-27 19:37:14.584 +01:00 [INF] [myIoTGrid.Hub.Infrastructure.Mqtt.MqttClientService] Reconnecting in 5s...
2025-11-27 19:37:14.634 +01:00 [INF] [myIoTGrid.Hub.Infrastructure.Mqtt.MqttClientService] Verbinde zu MQTT Broker localhost:1883...
2025-11-27 19:37:14.634 +01:00 [INF] [myIoTGrid.Hub.Infrastructure.Mqtt.MqttClientService] Verbinde zu MQTT Broker localhost:1883...
2025-11-27 19:37:14.634 +01:00 [INF] [myIoTGrid.Hub.Infrastructure.Mqtt.MqttClientService] Verbinde zu MQTT Broker localhost:1883...
2025-11-27 19:37:14.645 +01:00 [WRN] [myIoTGrid.Hub.Infrastructure.Mqtt.MqttClientService] MQTT-Verbindung fehlgeschlagen (Versuch 9/10). Nächster Versuch in 5s...
System.InvalidOperationException: Not allowed to connect while connect/disconnect is pending.
   at MQTTnet.Client.MqttClient.ConnectAsync(MqttClientOptions options, CancellationToken cancellationToken)
   at myIoTGrid.Hub.Infrastructure.Mqtt.MqttClientService.ConnectWithRetryAsync(MqttClientOptions options, CancellationToken ct) in /Users/frankbersch/RiderProjects/myIoTGrid/myIoTGrid.Hub/myIoTGrid.Hub.Backend/src/myIoTGrid.Hub.Infrastructure/Mqtt/MqttClientService.cs:line 108
2025-11-27 19:37:14.645 +01:00 [WRN] [myIoTGrid.Hub.Infrastructure.Mqtt.MqttClientService] MQTT-Verbindung fehlgeschlagen (Versuch 9/10). Nächster Versuch in 5s...
System.InvalidOperationException: Not allowed to connect while connect/disconnect is pending.
   at MQTTnet.Client.MqttClient.ConnectAsync(MqttClientOptions options, CancellationToken cancellationToken)
   at myIoTGrid.Hub.Infrastructure.Mqtt.MqttClientService.ConnectWithRetryAsync(MqttClientOptions options, CancellationToken ct) in /Users/frankbersch/RiderProjects/myIoTGrid/myIoTGrid.Hub/myIoTGrid.Hub.Backend/src/myIoTGrid.Hub.Infrastructure/Mqtt/MqttClientService.cs:line 108
2025-11-27 19:37:14.646 +01:00 [WRN] [myIoTGrid.Hub.Infrastructure.Mqtt.MqttClientService] MQTT-Verbindung unterbrochen
MQTTnet.Exceptions.MqttCommunicationException: Error while connecting host 'Unspecified/localhost:1883'.
 ---> System.Net.Sockets.SocketException (61): Connection refused
   at System.Net.Sockets.Socket.AwaitableSocketAsyncEventArgs.ThrowException(SocketError error, CancellationToken cancellationToken)
   at System.Net.Sockets.Socket.AwaitableSocketAsyncEventArgs.System.Threading.Tasks.Sources.IValueTaskSource.GetResult(Int16 token)
   at MQTTnet.Implementations.CrossPlatformSocket.ConnectAsync(EndPoint endPoint, CancellationToken cancellationToken)
   --- End of inner exception stack trace ---
   at MQTTnet.Implementations.CrossPlatformSocket.ConnectAsync(EndPoint endPoint, CancellationToken cancellationToken)
   at MQTTnet.Implementations.MqttTcpChannel.ConnectAsync(CancellationToken cancellationToken)
   at MQTTnet.Adapter.MqttChannelAdapter.<>c__DisplayClass30_0.<<ConnectAsync>b__1>d.MoveNext()
--- End of stack trace from previous location ---
   at MQTTnet.Adapter.MqttChannelAdapter.ConnectAsync(CancellationToken cancellationToken)
   at MQTTnet.Client.MqttClient.ConnectInternal(IMqttChannelAdapter channelAdapter, CancellationToken cancellationToken)
   at MQTTnet.Client.MqttClient.ConnectAsync(MqttClientOptions options, CancellationToken cancellationToken)
   at MQTTnet.Client.MqttClient.ConnectAsync(MqttClientOptions options, CancellationToken cancellationToken)
   at myIoTGrid.Hub.Infrastructure.Mqtt.MqttClientService.ConnectWithRetryAsync(MqttClientOptions options, CancellationToken ct) in /Users/frankbersch/RiderProjects/myIoTGrid/myIoTGrid.Hub/myIoTGrid.Hub.Backend/src/myIoTGrid.Hub.Infrastructure/Mqtt/MqttClientService.cs:line 108
2025-11-27 19:37:14.655 +01:00 [WRN] [myIoTGrid.Hub.Infrastructure.Mqtt.MqttClientService] MQTT-Verbindung fehlgeschlagen (Versuch 10/10). Nächster Versuch in 5s...
MQTTnet.Exceptions.MqttCommunicationException: Error while connecting host 'Unspecified/localhost:1883'.
 ---> System.Net.Sockets.SocketException (61): Connection refused
   at System.Net.Sockets.Socket.AwaitableSocketAsyncEventArgs.ThrowException(SocketError error, CancellationToken cancellationToken)
   at System.Net.Sockets.Socket.AwaitableSocketAsyncEventArgs.System.Threading.Tasks.Sources.IValueTaskSource.GetResult(Int16 token)
   at MQTTnet.Implementations.CrossPlatformSocket.ConnectAsync(EndPoint endPoint, CancellationToken cancellationToken)
   --- End of inner exception stack trace ---
   at MQTTnet.Implementations.CrossPlatformSocket.ConnectAsync(EndPoint endPoint, CancellationToken cancellationToken)
   at MQTTnet.Implementations.MqttTcpChannel.ConnectAsync(CancellationToken cancellationToken)
   at MQTTnet.Adapter.MqttChannelAdapter.<>c__DisplayClass30_0.<<ConnectAsync>b__1>d.MoveNext()
--- End of stack trace from previous location ---
   at MQTTnet.Adapter.MqttChannelAdapter.ConnectAsync(CancellationToken cancellationToken)
   at MQTTnet.Client.MqttClient.ConnectInternal(IMqttChannelAdapter channelAdapter, CancellationToken cancellationToken)
   at MQTTnet.Client.MqttClient.ConnectAsync(MqttClientOptions options, CancellationToken cancellationToken)
   at MQTTnet.Client.MqttClient.ConnectAsync(MqttClientOptions options, CancellationToken cancellationToken)
   at myIoTGrid.Hub.Infrastructure.Mqtt.MqttClientService.ConnectWithRetryAsync(MqttClientOptions options, CancellationToken ct) in /Users/frankbersch/RiderProjects/myIoTGrid/myIoTGrid.Hub/myIoTGrid.Hub.Backend/src/myIoTGrid.Hub.Infrastructure/Mqtt/MqttClientService.cs:line 108
2025-11-27 19:37:14.655 +01:00 [INF] [myIoTGrid.Hub.Infrastructure.Mqtt.MqttClientService] Reconnecting in 5s...
2025-11-27 19:37:14.656 +01:00 [ERR] [myIoTGrid.Hub.Infrastructure.Mqtt.MqttClientService] Maximale Anzahl an Reconnect-Versuchen erreicht. MQTT-Verbindung aufgegeben.
2025-11-27 19:40:17.625 +01:00 [INF] [] myIoTGrid Hub API wurde erfolgreich gestartet
2025-11-27 19:40:17.645 +01:00 [INF] [myIoTGrid.Hub.Interface.BackgroundServices.SeedDataHostedService] SeedDataHostedService starting...
2025-11-27 19:40:17.677 +01:00 [INF] [myIoTGrid.Hub.Interface.BackgroundServices.SeedDataHostedService] Applying database migrations...
2025-11-27 19:40:17.923 +01:00 [WRN] [Microsoft.EntityFrameworkCore.Model.Validation] The property 'Sensor.SensorTypes' is a collection or enumeration type with a value converter but with no value comparer. Set a value comparer to ensure the collection/enumeration elements are compared correctly.
2025-11-27 19:40:17.937 +01:00 [WRN] [Microsoft.EntityFrameworkCore.Model.Validation] The entity type 'Location' is an optional dependent using table sharing without any required non shared column that could be used to identify whether the entity exists. If all nullable properties contain a 'null' value in database then an object instance won't be created in the query. Add a required property to create instances with 'null' values for other properties or mark the incoming navigation as required to always create an instance.
2025-11-27 19:40:18.065 +01:00 [INF] [myIoTGrid.Hub.Interface.BackgroundServices.SeedDataHostedService] Database migrations applied successfully
2025-11-27 19:40:18.065 +01:00 [INF] [myIoTGrid.Hub.Service.Services.SeedDataService] Starting seed data process...
2025-11-27 19:40:18.150 +01:00 [INF] [myIoTGrid.Hub.Service.Services.SeedDataService] Default tenant ensured
2025-11-27 19:40:18.156 +01:00 [INF] [myIoTGrid.Hub.Service.Services.SeedDataService] Default sensor types seeded
2025-11-27 19:40:18.158 +01:00 [INF] [myIoTGrid.Hub.Service.Services.SeedDataService] Default alert types seeded
2025-11-27 19:40:18.158 +01:00 [INF] [myIoTGrid.Hub.Service.Services.SeedDataService] Seed data process completed
2025-11-27 19:40:18.158 +01:00 [INF] [myIoTGrid.Hub.Interface.BackgroundServices.SeedDataHostedService] SeedDataHostedService completed successfully
2025-11-27 19:40:18.159 +01:00 [INF] [myIoTGrid.Hub.Interface.BackgroundServices.SensorMonitorService] SensorMonitorService started. Check interval: 60s, Offline timeout: 5min
2025-11-27 19:40:18.159 +01:00 [INF] [myIoTGrid.Hub.Interface.BackgroundServices.HubMonitorService] HubMonitorService started. Check interval: 60s, Offline timeout: 5min
2025-11-27 19:40:18.159 +01:00 [INF] [myIoTGrid.Hub.Interface.BackgroundServices.MatterBridgeService] Matter Bridge integration is disabled
2025-11-27 19:40:18.160 +01:00 [INF] [myIoTGrid.Hub.Interface.BackgroundServices.DataRetentionService] DataRetentionService started. Interval: 24h, Retention: 30 days
2025-11-27 19:41:25.127 +01:00 [INF] [Serilog.AspNetCore.RequestLoggingMiddleware] HTTP GET / responded 200 in 22.2697 ms
2025-11-27 19:41:25.137 +01:00 [INF] [Serilog.AspNetCore.RequestLoggingMiddleware] HTTP GET /favicon.ico responded 404 in 0.7003 ms
2025-11-27 19:41:30.724 +01:00 [INF] [Serilog.AspNetCore.RequestLoggingMiddleware] HTTP GET /swagger responded 301 in 0.5384 ms
2025-11-27 19:41:30.758 +01:00 [INF] [Serilog.AspNetCore.RequestLoggingMiddleware] HTTP GET /swagger/index.html responded 200 in 29.1751 ms
2025-11-27 19:41:31.066 +01:00 [INF] [Serilog.AspNetCore.RequestLoggingMiddleware] HTTP GET /swagger/index.js responded 200 in 0.3636 ms
2025-11-27 19:41:31.069 +01:00 [INF] [Serilog.AspNetCore.RequestLoggingMiddleware] HTTP GET /swagger/swagger-ui.css responded 200 in 7.0488 ms
2025-11-27 19:41:31.069 +01:00 [INF] [Serilog.AspNetCore.RequestLoggingMiddleware] HTTP GET /swagger/index.css responded 200 in 3.0291 ms
2025-11-27 19:41:31.070 +01:00 [INF] [Serilog.AspNetCore.RequestLoggingMiddleware] HTTP GET /swagger/swagger-ui-standalone-preset.js responded 200 in 4.4505 ms
2025-11-27 19:41:31.074 +01:00 [INF] [Serilog.AspNetCore.RequestLoggingMiddleware] HTTP GET /swagger/swagger-ui-bundle.js responded 200 in 8.5561 ms
2025-11-27 19:41:31.148 +01:00 [INF] [Serilog.AspNetCore.RequestLoggingMiddleware] HTTP GET /swagger/favicon-32x32.png responded 200 in 0.3990 ms
2025-11-27 19:41:31.148 +01:00 [INF] [Serilog.AspNetCore.RequestLoggingMiddleware] HTTP GET /swagger/favicon-16x16.png responded 200 in 0.1379 ms
2025-11-27 19:41:31.209 +01:00 [INF] [Serilog.AspNetCore.RequestLoggingMiddleware] HTTP GET /swagger/v1/swagger.json responded 200 in 55.4535 ms
2025-11-27 19:41:40.829 +01:00 [INF] [Serilog.AspNetCore.RequestLoggingMiddleware] HTTP GET /Health responded 200 in 12.1386 ms
2025-11-27 19:45:18.164 +01:00 [INF] [myIoTGrid.Hub.Interface.BackgroundServices.DataRetentionService] Starting data retention cleanup. Removing data older than 2025-10-28 18:45:18Z
2025-11-27 19:45:18.169 +01:00 [INF] [myIoTGrid.Hub.Interface.BackgroundServices.DataRetentionService] Deleted 0 synced sensor data records older than 30 days
2025-11-27 19:45:18.171 +01:00 [INF] [myIoTGrid.Hub.Interface.BackgroundServices.DataRetentionService] Deleted 0 acknowledged alerts older than 30 days
2025-11-27 19:45:18.172 +01:00 [INF] [myIoTGrid.Hub.Interface.BackgroundServices.DataRetentionService] Deleted 0 2025-11-27 19:45:41.640 +01:00 [INF] [myIoTGrid.Hub.Interface.BackgroundServices.DataRetentionService] Starting data retention cleanup. Removing data older than 2025-10-28 18:45:41Z
2025-11-27 19:45:41.654 +01:00 [INF] [myIoTGrid.Hub.Interface.BackgroundServices.DataRetentionService] Deleted 0 synced sensor data records older than 30 days
2025-11-27 19:45:41.656 +01:00 [INF] [myIoTGrid.Hub.Interface.BackgroundServices.DataRetentionService] Deleted 0 acknowledged alerts older than 30 days
2025-11-27 19:45:41.657 +01:00 [INF] [myIoTGrid.Hub.Interface.BackgroundServices.DataRetentionService] Deleted 0 inactive alerts older than 30 days
2025-11-27 19:45:41.669 +01:00 [INF] [myIoTGrid.Hub.Interface.BackgroundServices.DataRetentionService] Data retention cleanup completed. Total deleted: SensorData=0, Alerts=0
2025-11-27 23:00:03.940 +01:00 [INF] [] myIoTGrid Hub API wurde erfolgreich gestartet
2025-11-27 23:00:03.975 +01:00 [INF] [myIoTGrid.Hub.Interface.BackgroundServices.SeedDataHostedService] SeedDataHostedService starting...
2025-11-27 23:00:04.060 +01:00 [INF] [myIoTGrid.Hub.Service.Services.SeedDataService] Starting seed data process...
2025-11-27 23:00:04.409 +01:00 [WRN] [Microsoft.EntityFrameworkCore.Model.Validation] The property 'Sensor.SensorTypes' is a collection or enumeration type with a value converter but with no value comparer. Set a value comparer to ensure the collection/enumeration elements are compared correctly.
2025-11-27 23:00:04.425 +01:00 [WRN] [Microsoft.EntityFrameworkCore.Model.Validation] The entity type 'Location' is an optional dependent using table sharing without any required non shared column that could be used to identify whether the entity exists. If all nullable properties contain a 'null' value in database then an object instance won't be created in the query. Add a required property to create instances with 'null' values for other properties or mark the incoming navigation as required to always create an instance.
2025-11-27 23:00:04.667 +01:00 [INF] [myIoTGrid.Hub.Service.Services.SeedDataService] Default tenant ensured
2025-11-27 23:00:04.676 +01:00 [INF] [myIoTGrid.Hub.Service.Services.SeedDataService] Default sensor types seeded
2025-11-27 23:00:04.678 +01:00 [INF] [myIoTGrid.Hub.Service.Services.SeedDataService] Default alert types seeded
2025-11-27 23:00:04.678 +01:00 [INF] [myIoTGrid.Hub.Service.Services.SeedDataService] Seed data process completed
2025-11-27 23:00:04.678 +01:00 [INF] [myIoTGrid.Hub.Interface.BackgroundServices.SeedDataHostedService] SeedDataHostedService completed successfully
2025-11-27 23:00:04.682 +01:00 [INF] [myIoTGrid.Hub.Interface.BackgroundServices.SensorMonitorService] SensorMonitorService started. Check interval: 60s, Offline timeout: 5min
2025-11-27 23:00:04.686 +01:00 [INF] [myIoTGrid.Hub.Interface.BackgroundServices.HubMonitorService] HubMonitorService started. Check interval: 60s, Offline timeout: 5min
2025-11-27 23:00:04.687 +01:00 [INF] [myIoTGrid.Hub.Interface.BackgroundServices.DataRetentionService] DataRetentionService started. Interval: 24h, Retention: 30 days
2025-11-27 23:00:04.687 +01:00 [INF] [myIoTGrid.Hub.Interface.BackgroundServices.MatterBridgeService] Matter Bridge integration is disabled
2025-11-27 23:01:19.720 +01:00 [INF] [Serilog.AspNetCore.RequestLoggingMiddleware] HTTP OPTIONS /hubs/sensors/negotiate responded 204 in 1.5956 ms
2025-11-27 23:01:19.758 +01:00 [INF] [Serilog.AspNetCore.RequestLoggingMiddleware] HTTP POST /hubs/sensors/negotiate responded 200 in 25.1114 ms
2025-11-27 23:01:19.774 +01:00 [INF] [myIoTGrid.Hub.Interface.Hubs.SensorHub] Client verbunden: HCvPDd2F2rW87UDaycPehw (Tenant: "00000000-0000-0000-0000-000000000001")
2025-11-27 23:01:19.795 +01:00 [INF] [Serilog.AspNetCore.RequestLoggingMiddleware] HTTP GET /api/sensors responded 405 in 0.3178 ms
2025-11-27 23:01:19.878 +01:00 [INF] [Serilog.AspNetCore.RequestLoggingMiddleware] HTTP GET /api/sensordata/latest responded 200 in 81.8312 ms
2025-11-27 23:01:19.881 +01:00 [INF] [Serilog.AspNetCore.RequestLoggingMiddleware] HTTP GET /api/alerts responded 200 in 84.8969 ms
2025-11-27 23:02:32.085 +01:00 [INF] [myIoTGrid.Hub.Interface.Hubs.SensorHub] Client getrennt: HCvPDd2F2rW87UDaycPehw
2025-11-27 23:02:32.088 +01:00 [WRN] [Serilog.AspNetCore.RequestLoggingMiddleware] HTTP GET /hubs/sensors responded 101 in 72326.2023 ms
2025-11-27 23:02:32.177 +01:00 [INF] [Serilog.AspNetCore.RequestLoggingMiddleware] HTTP OPTIONS /hubs/sensors/negotiate responded 204 in 0.0658 ms
2025-11-27 23:02:32.178 +01:00 [INF] [Serilog.AspNetCore.RequestLoggingMiddleware] HTTP POST /hubs/sensors/negotiate responded 200 in 0.3811 ms
2025-11-27 23:02:32.184 +01:00 [INF] [myIoTGrid.Hub.Interface.Hubs.SensorHub] Client verbunden: oJOTNXdkuQN11hLNwPyDFw (Tenant: "00000000-0000-0000-0000-000000000001")
2025-11-27 23:02:32.199 +01:00 [INF] [Serilog.AspNetCore.RequestLoggingMiddleware] HTTP GET /api/sensors responded 405 in 0.2459 ms
2025-11-27 23:02:32.201 +01:00 [INF] [Serilog.AspNetCore.RequestLoggingMiddleware] HTTP GET /api/alerts responded 200 in 1.7633 ms
2025-11-27 23:02:32.201 +01:00 [INF] [Serilog.AspNetCore.RequestLoggingMiddleware] HTTP GET /api/sensordata/latest responded 200 in 1.7310 ms
2025-11-27 23:02:44.902 +01:00 [INF] [myIoTGrid.Hub.Interface.Hubs.SensorHub] Client getrennt: oJOTNXdkuQN11hLNwPyDFw
2025-11-27 23:02:44.904 +01:00 [WRN] [Serilog.AspNetCore.RequestLoggingMiddleware] HTTP GET /hubs/sensors responded 101 in 12722.2038 ms
2025-11-27 23:02:44.964 +01:00 [INF] [Serilog.AspNetCore.RequestLoggingMiddleware] HTTP OPTIONS /hubs/sensors/negotiate responded 204 in 0.0845 ms
2025-11-27 23:02:44.965 +01:00 [INF] [Serilog.AspNetCore.RequestLoggingMiddleware] HTTP POST /hubs/sensors/negotiate responded 200 in 0.2360 ms
2025-11-27 23:02:44.974 +01:00 [INF] [myIoTGrid.Hub.Interface.Hubs.SensorHub] Client verbunden: HkLME0lk1IrP_HoV7gtWLw (Tenant: "00000000-0000-0000-0000-000000000001")
2025-11-27 23:02:44.986 +01:00 [INF] [Serilog.AspNetCore.RequestLoggingMiddleware] HTTP GET /api/sensors responded 405 in 0.4676 ms
2025-11-27 23:02:44.989 +01:00 [INF] [Serilog.AspNetCore.RequestLoggingMiddleware] HTTP GET /api/alerts responded 200 in 3.1238 ms
2025-11-27 23:02:44.990 +01:00 [INF] [Serilog.AspNetCore.RequestLoggingMiddleware] HTTP GET /api/sensordata/latest responded 200 in 2.8745 ms
2025-11-27 23:02:56.861 +01:00 [INF] [myIoTGrid.Hub.Interface.Hubs.SensorHub] Client getrennt: HkLME0lk1IrP_HoV7gtWLw
2025-11-27 23:02:56.861 +01:00 [WRN] [Serilog.AspNetCore.RequestLoggingMiddleware] HTTP GET /hubs/sensors responded 101 in 11891.4410 ms
2025-11-27 23:02:56.926 +01:00 [INF] [Serilog.AspNetCore.RequestLoggingMiddleware] HTTP OPTIONS /hubs/sensors/negotiate responded 204 in 0.1799 ms
2025-11-27 23:02:56.928 +01:00 [INF] [Serilog.AspNetCore.RequestLoggingMiddleware] HTTP POST /hubs/sensors/negotiate responded 200 in 0.7225 ms
2025-11-27 23:02:56.937 +01:00 [INF] [myIoTGrid.Hub.Interface.Hubs.SensorHub] Client verbunden: ipn4twkjbbJydbT_8KqLOA (Tenant: "00000000-0000-0000-0000-000000000001")
2025-11-27 23:02:56.954 +01:00 [INF] [Serilog.AspNetCore.RequestLoggingMiddleware] HTTP GET /api/sensors responded 405 in 0.4117 ms
2025-11-27 23:02:56.958 +01:00 [INF] [Serilog.AspNetCore.RequestLoggingMiddleware] HTTP GET /api/alerts responded 200 in 3.4718 ms
2025-11-27 23:02:56.959 +01:00 [INF] [Serilog.AspNetCore.RequestLoggingMiddleware] HTTP GET /api/sensordata/latest responded 200 in 2.0216 ms
2025-11-27 23:03:34.562 +01:00 [INF] [myIoTGrid.Hub.Interface.Hubs.SensorHub] Client getrennt: ipn4twkjbbJydbT_8KqLOA
2025-11-27 23:03:34.563 +01:00 [WRN] [Serilog.AspNetCore.RequestLoggingMiddleware] HTTP GET /hubs/sensors responded 101 in 37626.8758 ms
2025-11-27 23:03:34.616 +01:00 [INF] [Serilog.AspNetCore.RequestLoggingMiddleware] HTTP OPTIONS /hubs/sensors/negotiate responded 204 in 0.0450 ms
2025-11-27 23:03:34.618 +01:00 [INF] [Serilog.AspNetCore.RequestLoggingMiddleware] HTTP POST /hubs/sensors/negotiate responded 200 in 0.3151 ms
2025-11-27 23:03:34.622 +01:00 [INF] [myIoTGrid.Hub.Interface.Hubs.SensorHub] Client verbunden: tDrw_2Tamy0CvCJXlhXdzQ (Tenant: "00000000-0000-0000-0000-000000000001")
2025-11-27 23:03:34.643 +01:00 [INF] [Serilog.AspNetCore.RequestLoggingMiddleware] HTTP GET /api/sensors responded 405 in 0.2593 ms
2025-11-27 23:03:34.646 +01:00 [INF] [Serilog.AspNetCore.RequestLoggingMiddleware] HTTP GET /api/sensordata/latest responded 200 in 1.4856 ms
2025-11-27 23:03:34.646 +01:00 [INF] [Serilog.AspNetCore.RequestLoggingMiddleware] HTTP GET /api/alerts responded 200 in 1.5524 ms
2025-11-27 23:03:40.719 +01:00 [INF] [Serilog.AspNetCore.RequestLoggingMiddleware] HTTP GET /health responded 200 in 7.4902 ms
2025-11-27 23:03:40.726 +01:00 [INF] [Serilog.AspNetCore.RequestLoggingMiddleware] HTTP GET /api/sensortypes responded 200 in 13.7917 ms
2025-11-27 23:04:00.616 +01:00 [INF] [Serilog.AspNetCore.RequestLoggingMiddleware] HTTP GET /api/hubs responded 200 in 37.0135 ms
2025-11-27 23:04:01.849 +01:00 [INF] [Serilog.AspNetCore.RequestLoggingMiddleware] HTTP GET /api/sensors responded 405 in 0.3004 ms
2025-11-27 23:04:01.851 +01:00 [INF] [Serilog.AspNetCore.RequestLoggingMiddleware] HTTP GET /api/sensordata/latest responded 200 in 2.3567 ms
2025-11-27 23:04:03.110 +01:00 [INF] [Serilog.AspNetCore.RequestLoggingMiddleware] HTTP GET /api/sensors responded 405 in 0.5653 ms
2025-11-27 23:04:03.112 +01:00 [INF] [Serilog.AspNetCore.RequestLoggingMiddleware] HTTP GET /api/alerts responded 200 in 1.7271 ms
2025-11-27 23:04:03.113 +01:00 [INF] [Serilog.AspNetCore.RequestLoggingMiddleware] HTTP GET /api/sensordata/latest responded 200 in 0.9737 ms
2025-11-27 23:04:04.260 +01:00 [INF] [Serilog.AspNetCore.RequestLoggingMiddleware] HTTP GET /api/alerts responded 200 in 3.3694 ms
2025-11-27 23:05:04.692 +01:00 [INF] [myIoTGrid.Hub.Interface.BackgroundServices.DataRetentionService] Starting data retention cleanup. Removing data older than 2025-10-28 22:05:04Z
2025-11-27 23:05:04.706 +01:00 [INF] [myIoTGrid.Hub.Interface.BackgroundServices.DataRetentionService] Deleted 0 synced sensor data records older than 30 days
2025-11-27 23:05:04.708 +01:00 [INF] [myIoTGrid.Hub.Interface.BackgroundServices.DataRetentionService] Deleted 0 acknowledged alerts older than 30 days
2025-11-27 23:05:04.709 +01:00 [INF] [myIoTGrid.Hub.Interface.BackgroundServices.DataRetentionService] Deleted 0 inactive alerts older than 30 days
2025-11-27 23:05:04.722 +01:00 [INF] [myIoTGrid.Hub.Interface.BackgroundServices.DataRetentionService] Data retention cleanup completed. Total deleted: SensorData=0, Alerts=0
2025-11-27 23:07:11.989 +01:00 [INF] [myIoTGrid.Hub.Interface.Hubs.SensorHub] Client getrennt: tDrw_2Tamy0CvCJXlhXdzQ
2025-11-27 23:07:11.989 +01:00 [WRN] [Serilog.AspNetCore.RequestLoggingMiddleware] HTTP GET /hubs/sensors responded 101 in 217369.2500 ms
2025-11-27 23:07:12.059 +01:00 [INF] [Serilog.AspNetCore.RequestLoggingMiddleware] HTTP OPTIONS /hubs/sensors/negotiate responded 204 in 0.0436 ms
2025-11-27 23:07:12.060 +01:00 [INF] [Serilog.AspNetCore.RequestLoggingMiddleware] HTTP POST /hubs/sensors/negotiate responded 200 in 0.2229 ms
2025-11-27 23:07:12.066 +01:00 [INF] [myIoTGrid.Hub.Interface.Hubs.SensorHub] Client verbunden: uJI3eiuSoT7qLv6aDOdT-A (Tenant: "00000000-0000-0000-0000-000000000001")
2025-11-27 23:07:12.097 +01:00 [INF] [Serilog.AspNetCore.RequestLoggingMiddleware] HTTP GET /api/alerts responded 200 in 1.5639 ms
2025-11-27 23:08:13.110 +01:00 [INF] [myIoTGrid.Hub.Interface.Hubs.SensorHub] Client getrennt: uJI3eiuSoT7qLv6aDOdT-A
2025-11-27 23:08:13.110 +01:00 [WRN] [Serilog.AspNetCore.RequestLoggingMiddleware] HTTP GET /hubs/sensors responded 101 in 61046.2318 ms
2025-11-27 23:08:13.179 +01:00 [INF] [Serilog.AspNetCore.RequestLoggingMiddleware] HTTP OPTIONS /hubs/sensors/negotiate responded 204 in 0.0407 ms
2025-11-27 23:08:13.180 +01:00 [INF] [Serilog.AspNetCore.RequestLoggingMiddleware] HTTP POST /hubs/sensors/negotiate responded 200 in 0.2638 ms
2025-11-27 23:08:13.187 +01:00 [INF] [myIoTGrid.Hub.Interface.Hubs.SensorHub] Client verbunden: Mjo2GS9lEE4FvHMhFVim6w (Tenant: "00000000-0000-0000-0000-000000000001")
2025-11-27 23:08:13.205 +01:00 [INF] [Serilog.AspNetCore.RequestLoggingMiddleware] HTTP GET /api/alerts responded 200 in 4.5630 ms
2025-11-27 23:08:51.847 +01:00 [INF] [myIoTGrid.Hub.Interface.Hubs.SensorHub] Client getrennt: Mjo2GS9lEE4FvHMhFVim6w
2025-11-27 23:08:51.848 +01:00 [WRN] [Serilog.AspNetCore.RequestLoggingMiddleware] HTTP GET /hubs/sensors responded 101 in 38664.7224 ms
2025-11-27 23:08:51.916 +01:00 [INF] [Serilog.AspNetCore.RequestLoggingMiddleware] HTTP OPTIONS /hubs/sensors/negotiate responded 204 in 0.0843 ms
2025-11-27 23:08:51.918 +01:00 [INF] [Serilog.AspNetCore.RequestLoggingMiddleware] HTTP POST /hubs/sensors/negotiate responded 200 in 0.7710 ms
2025-11-27 23:08:51.924 +01:00 [INF] [myIoTGrid.Hub.Interface.Hubs.SensorHub] Client verbunden: pt3kK1m6_6TCfV8P7r3vjA (Tenant: "00000000-0000-0000-0000-000000000001")
2025-11-27 23:08:51.944 +01:00 [INF] [Serilog.AspNetCore.RequestLoggingMiddleware] HTTP GET /api/alerts responded 200 in 3.4075 ms
2025-11-27 23:09:11.652 +01:00 [INF] [Serilog.AspNetCore.RequestLoggingMiddleware] HTTP GET /api/alerts responded 200 in 3.4227 ms
2025-11-27 23:10:09.822 +01:00 [INF] [myIoTGrid.Hub.Interface.Hubs.SensorHub] Client getrennt: pt3kK1m6_6TCfV8P7r3vjA
2025-11-27 23:10:09.823 +01:00 [WRN] [Serilog.AspNetCore.RequestLoggingMiddleware] HTTP GET /hubs/sensors responded 101 in 77902.6016 ms
2025-11-27 23:10:09.893 +01:00 [INF] [Serilog.AspNetCore.RequestLoggingMiddleware] HTTP OPTIONS /hubs/sensors/negotiate responded 204 in 0.0489 ms
2025-11-27 23:10:09.895 +01:00 [INF] [Serilog.AspNetCore.RequestLoggingMiddleware] HTTP POST /hubs/sensors/negotiate responded 200 in 0.2650 ms
2025-11-27 23:10:09.899 +01:00 [INF] [myIoTGrid.Hub.Interface.Hubs.SensorHub] Client verbunden: KZAMBInH497TcCPY82JkcQ (Tenant: "00000000-0000-0000-0000-000000000001")
2025-11-27 23:10:09.924 +01:00 [INF] [Serilog.AspNetCore.RequestLoggingMiddleware] HTTP GET /api/alerts responded 200 in 4.9973 ms
2025-11-27 23:10:25.725 +01:00 [INF] [Serilog.AspNetCore.RequestLoggingMiddleware] HTTP GET /health responded 200 in 1.3628 ms
2025-11-27 23:10:25.728 +01:00 [INF] [Serilog.AspNetCore.RequestLoggingMiddleware] HTTP GET /api/sensortypes responded 200 in 2.5685 ms
2025-11-27 23:10:57.244 +01:00 [INF] [Serilog.AspNetCore.RequestLoggingMiddleware] HTTP GET /api/alerts responded 200 in 2.7845 ms
2025-11-27 23:10:59.218 +01:00 [INF] [Serilog.AspNetCore.RequestLoggingMiddleware] HTTP GET /api/hubs responded 200 in 2.2805 ms
2025-11-27 23:11:02.442 +01:00 [INF] [Serilog.AspNetCore.RequestLoggingMiddleware] HTTP GET /api/sensors responded 405 in 0.4097 ms
2025-11-27 23:11:02.465 +01:00 [INF] [Serilog.AspNetCore.RequestLoggingMiddleware] HTTP GET /api/hubs/bb5ac498-530e-4b2b-8a80-1b7142bc78a4 responded 200 in 24.2685 ms
2025-11-27 23:11:04.512 +01:00 [INF] [Serilog.AspNetCore.RequestLoggingMiddleware] HTTP GET /api/hubs responded 200 in 2.9824 ms
2025-11-27 23:11:05.831 +01:00 [INF] [Serilog.AspNetCore.RequestLoggingMiddleware] HTTP GET /api/sensors responded 405 in 0.3356 ms
2025-11-27 23:11:05.834 +01:00 [INF] [Serilog.AspNetCore.RequestLoggingMiddleware] HTTP GET /api/hubs/bb5ac498-530e-4b2b-8a80-1b7142bc78a4 responded 200 in 3.5106 ms
2025-11-27 23:11:07.790 +01:00 [INF] [Serilog.AspNetCore.RequestLoggingMiddleware] HTTP GET /api/hubs responded 200 in 5.6353 ms
2025-11-27 23:11:09.204 +01:00 [INF] [Serilog.AspNetCore.RequestLoggingMiddleware] HTTP GET /api/sensors responded 405 in 0.3224 ms
2025-11-27 23:11:09.209 +01:00 [INF] [Serilog.AspNetCore.RequestLoggingMiddleware] HTTP GET /api/hubs/bb5ac498-530e-4b2b-8a80-1b7142bc78a4 responded 200 in 4.9771 ms
2025-11-27 23:11:10.262 +01:00 [INF] [Serilog.AspNetCore.RequestLoggingMiddleware] HTTP GET /api/hubs responded 200 in 7.3978 ms
2025-11-27 23:11:14.614 +01:00 [INF] [Serilog.AspNetCore.RequestLoggingMiddleware] HTTP GET /api/sensors responded 405 in 0.3454 ms
2025-11-27 23:11:14.616 +01:00 [INF] [Serilog.AspNetCore.RequestLoggingMiddleware] HTTP GET /api/sensordata/latest responded 200 in 1.9658 ms
2025-11-27 23:11:19.143 +01:00 [INF] [Serilog.AspNetCore.RequestLoggingMiddleware] HTTP GET /api/sensors responded 405 in 0.4949 ms
2025-11-27 23:11:19.146 +01:00 [INF] [Serilog.AspNetCore.RequestLoggingMiddleware] HTTP GET /api/alerts responded 200 in 3.7093 ms
2025-11-27 23:11:19.146 +01:00 [INF] [Serilog.AspNetCore.RequestLoggingMiddleware] HTTP GET /api/sensordata/latest responded 200 in 2.2697 ms
2025-11-27 23:12:20.849 +01:00 [INF] [Serilog.AspNetCore.RequestLoggingMiddleware] HTTP GET /api/hubs responded 200 in 3.2041 ms
2025-11-27 23:12:33.107 +01:00 [INF] [Serilog.AspNetCore.RequestLoggingMiddleware] HTTP GET /api/alerts responded 200 in 3.8613 ms
2025-11-27 23:12:49.244 +01:00 [INF] [Serilog.AspNetCore.RequestLoggingMiddleware] HTTP GET /api/sensors responded 405 in 0.5545 ms
2025-11-27 23:12:49.248 +01:00 [INF] [Serilog.AspNetCore.RequestLoggingMiddleware] HTTP GET /api/sensordata/latest responded 200 in 3.4349 ms
2025-11-27 23:13:04.894 +01:00 [INF] [Serilog.AspNetCore.RequestLoggingMiddleware] HTTP GET /api/sensors responded 405 in 0.4520 ms
2025-11-27 23:13:04.898 +01:00 [INF] [Serilog.AspNetCore.RequestLoggingMiddleware] HTTP GET /api/alerts responded 200 in 3.8539 ms
2025-11-27 23:13:04.898 +01:00 [INF] [Serilog.AspNetCore.RequestLoggingMiddleware] HTTP GET /api/sensordata/latest responded 200 in 2.9436 ms
2025-11-27 23:13:17.674 +01:00 [INF] [Serilog.AspNetCore.RequestLoggingMiddleware] HTTP GET /health responded 200 in 1.7045 ms
2025-11-27 23:13:17.677 +01:00 [INF] [Serilog.AspNetCore.RequestLoggingMiddleware] HTTP GET /api/sensortypes responded 200 in 3.9495 ms
2025-11-27 23:15:14.083 +01:00 [INF] [myIoTGrid.Hub.Interface.Hubs.SensorHub] Client getrennt: KZAMBInH497TcCPY82JkcQ
2025-11-27 23:15:14.083 +01:00 [WRN] [Serilog.AspNetCore.RequestLoggingMiddleware] HTTP GET /hubs/sensors responded 101 in 304186.3877 ms
2025-11-27 23:15:14.190 +01:00 [INF] [Serilog.AspNetCore.RequestLoggingMiddleware] HTTP OPTIONS /hubs/sensors/negotiate responded 204 in 0.0700 ms
2025-11-27 23:15:14.193 +01:00 [INF] [Serilog.AspNetCore.RequestLoggingMiddleware] HTTP POST /hubs/sensors/negotiate responded 200 in 1.4046 ms
2025-11-27 23:15:14.215 +01:00 [INF] [myIoTGrid.Hub.Interface.Hubs.SensorHub] Client verbunden: TBy5yIOgWFZybsvFalR1Cw (Tenant: "00000000-0000-0000-0000-000000000001")
2025-11-27 23:15:14.335 +01:00 [INF] [Serilog.AspNetCore.RequestLoggingMiddleware] HTTP GET /health responded 200 in 1.0673 ms
2025-11-27 23:15:14.338 +01:00 [INF] [Serilog.AspNetCore.RequestLoggingMiddleware] HTTP GET /api/sensortypes responded 200 in 2.7059 ms
2025-11-27 23:15:16.635 +01:00 [INF] [Serilog.AspNetCore.RequestLoggingMiddleware] HTTP GET /api/sensors responded 405 in 0.9936 ms
2025-11-27 23:15:16.643 +01:00 [INF] [Serilog.AspNetCore.RequestLoggingMiddleware] HTTP GET /api/sensordata/latest responded 200 in 9.0255 ms
2025-11-27 23:16:43.012 +01:00 [INF] [myIoTGrid.Hub.Interface.Hubs.SensorHub] Client getrennt: TBy5yIOgWFZybsvFalR1Cw
2025-11-27 23:16:43.013 +01:00 [WRN] [Serilog.AspNetCore.RequestLoggingMiddleware] HTTP GET /hubs/sensors responded 101 in 88809.8060 ms
2025-11-27 23:16:43.104 +01:00 [INF] [Serilog.AspNetCore.RequestLoggingMiddleware] HTTP OPTIONS /hubs/sensors/negotiate responded 204 in 0.0434 ms
2025-11-27 23:16:43.105 +01:00 [INF] [Serilog.AspNetCore.RequestLoggingMiddleware] HTTP POST /hubs/sensors/negotiate responded 200 in 0.2379 ms
2025-11-27 23:16:43.134 +01:00 [INF] [myIoTGrid.Hub.Interface.Hubs.SensorHub] Client verbunden: dxj4OlfzaGXrkUdGsvHE-g (Tenant: "00000000-0000-0000-0000-000000000001")
2025-11-27 23:16:43.251 +01:00 [INF] [Serilog.AspNetCore.RequestLoggingMiddleware] HTTP GET /api/hubs responded 200 in 2.8996 ms
2025-11-27 23:16:43.308 +01:00 [INF] [Serilog.AspNetCore.RequestLoggingMiddleware] HTTP GET /api/hubs/bb5ac498-530e-4b2b-8a80-1b7142bc78a4/sensors responded 200 in 23.5021 ms
2025-11-27 23:16:43.313 +01:00 [INF] [Serilog.AspNetCore.RequestLoggingMiddleware] HTTP GET /api/sensordata/latest responded 200 in 1.2792 ms
2025-11-27 23:17:01.623 +01:00 [INF] [Serilog.AspNetCore.RequestLoggingMiddleware] HTTP GET /api/hubs responded 200 in 1.6778 ms
2025-11-27 23:17:03.279 +01:00 [INF] [Serilog.AspNetCore.RequestLoggingMiddleware] HTTP GET /api/alerts responded 200 in 2.7880 ms
2025-11-27 23:17:04.872 +01:00 [INF] [Serilog.AspNetCore.RequestLoggingMiddleware] HTTP GET /api/hubs responded 200 in 7.6874 ms
2025-11-27 23:17:04.873 +01:00 [INF] [Serilog.AspNetCore.RequestLoggingMiddleware] HTTP GET /api/sensordata/latest responded 200 in 7.4708 ms
2025-11-27 23:17:04.874 +01:00 [INF] [Serilog.AspNetCore.RequestLoggingMiddleware] HTTP GET /api/alerts responded 200 in 7.6006 ms
2025-11-27 23:17:04.879 +01:00 [INF] [Serilog.AspNetCore.RequestLoggingMiddleware] HTTP GET /api/hubs/bb5ac498-530e-4b2b-8a80-1b7142bc78a4/sensors responded 200 in 1.4215 ms
2025-11-27 23:18:14.296 +01:00 [INF] [Serilog.AspNetCore.RequestLoggingMiddleware] HTTP GET /api/hubs responded 200 in 1.9144 ms
2025-11-27 23:18:14.305 +01:00 [INF] [Serilog.AspNetCore.RequestLoggingMiddleware] HTTP GET /api/hubs/bb5ac498-530e-4b2b-8a80-1b7142bc78a4/sensors responded 200 in 2.3460 ms
2025-11-27 23:18:14.310 +01:00 [INF] [Serilog.AspNetCore.RequestLoggingMiddleware] HTTP GET /api/sensordata/latest responded 200 in 1.9122 ms
2025-11-27 23:18:15.445 +01:00 [INF] [Serilog.AspNetCore.RequestLoggingMiddleware] HTTP GET /api/hubs responded 200 in 4.7356 ms
2025-11-27 23:18:16.266 +01:00 [INF] [Serilog.AspNetCore.RequestLoggingMiddleware] HTTP GET /api/alerts responded 200 in 4.1331 ms
2025-11-27 23:18:21.924 +01:00 [INF] [Serilog.AspNetCore.RequestLoggingMiddleware] HTTP GET /health responded 200 in 0.9939 ms
2025-11-27 23:18:21.926 +01:00 [INF] [Serilog.AspNetCore.RequestLoggingMiddleware] HTTP GET /api/sensortypes responded 200 in 2.4022 ms
2025-11-27 23:18:40.505 +01:00 [INF] [Serilog.AspNetCore.RequestLoggingMiddleware] HTTP GET /api/hubs responded 200 in 1.9097 ms
2025-11-27 23:18:46.271 +01:00 [INF] [Serilog.AspNetCore.RequestLoggingMiddleware] HTTP GET /api/hubs responded 200 in 3.4231 ms
2025-11-27 23:18:46.279 +01:00 [INF] [Serilog.AspNetCore.RequestLoggingMiddleware] HTTP GET /api/hubs/bb5ac498-530e-4b2b-8a80-1b7142bc78a4/sensors responded 200 in 2.6218 ms
2025-11-27 23:18:46.285 +01:00 [INF] [Serilog.AspNetCore.RequestLoggingMiddleware] HTTP GET /api/sensordata/latest responded 200 in 2.9111 ms
2025-11-27 23:18:48.107 +01:00 [INF] [Serilog.AspNetCore.RequestLoggingMiddleware] HTTP GET /api/hubs responded 200 in 6.9740 ms
2025-11-27 23:18:48.107 +01:00 [INF] [Serilog.AspNetCore.RequestLoggingMiddleware] HTTP GET /api/alerts responded 200 in 6.4490 ms
2025-11-27 23:18:48.108 +01:00 [INF] [Serilog.AspNetCore.RequestLoggingMiddleware] HTTP GET /api/sensordata/latest responded 200 in 6.2525 ms
2025-11-27 23:18:48.114 +01:00 [INF] [Serilog.AspNetCore.RequestLoggingMiddleware] HTTP GET /api/hubs/bb5ac498-530e-4b2b-8a80-1b7142bc78a4/sensors responded 200 in 1.9518 ms
2025-11-27 23:18:51.662 +01:00 [INF] [Serilog.AspNetCore.RequestLoggingMiddleware] HTTP GET /api/sensors/c25235e4-9628-4575-a98f-cbe0dc5339f3 responded 200 in 14.7778 ms
2025-11-27 23:18:51.705 +01:00 [INF] [Serilog.AspNetCore.RequestLoggingMiddleware] HTTP GET /api/sensordata responded 200 in 39.0475 ms
2025-11-27 23:19:07.629 +01:00 [INF] [Serilog.AspNetCore.RequestLoggingMiddleware] HTTP GET /api/hubs responded 200 in 3.7892 ms
2025-11-27 23:19:11.079 +01:00 [INF] [Serilog.AspNetCore.RequestLoggingMiddleware] HTTP GET /api/hubs/bb5ac498-530e-4b2b-8a80-1b7142bc78a4 responded 200 in 4.7650 ms
2025-11-27 23:19:11.079 +01:00 [INF] [Serilog.AspNetCore.RequestLoggingMiddleware] HTTP GET /api/hubs/bb5ac498-530e-4b2b-8a80-1b7142bc78a4/sensors responded 200 in 3.5019 ms
2025-11-27 23:19:45.786 +01:00 [INF] [myIoTGrid.Hub.Interface.Hubs.SensorHub] Client getrennt: dxj4OlfzaGXrkUdGsvHE-g
2025-11-27 23:19:45.786 +01:00 [WRN] [Serilog.AspNetCore.RequestLoggingMiddleware] HTTP GET /hubs/sensors responded 101 in 182670.7732 ms
